Connecting to database specified by database.yml
Connecting to database specified by database.yml
  [1m[36m (94.6ms)[0m  [1mCREATE TABLE `schema_migrations` (`version` varchar(255) NOT NULL) ENGINE=InnoDB[0m
  [1m[35m (165.1ms)[0m  CREATE UNIQUE INDEX `unique_schema_migrations` ON `schema_migrations` (`version`)
  [1m[36m (2.0ms)[0m  [1mSELECT `schema_migrations`.`version` FROM `schema_migrations` [0m
Migrating to CreateRestaurantes (20130712013501)
  [1m[35m (109.8ms)[0m  CREATE TABLE `restaurantes` (`id` int(11) DEFAULT NULL auto_increment PRIMARY KEY, `nome` varchar(80), `endereco` varchar(255), `created_at` datetime NOT NULL, `updated_at` datetime NOT NULL) ENGINE=InnoDB
  [1m[36m (16.0ms)[0m  [1mINSERT INTO `schema_migrations` (`version`) VALUES ('20130712013501')[0m
  [1m[35m (0.3ms)[0m  SELECT `schema_migrations`.`version` FROM `schema_migrations` 
Connecting to database specified by database.yml
Connecting to database specified by database.yml
  [1m[36m (1.5ms)[0m  [1mSELECT `schema_migrations`.`version` FROM `schema_migrations` [0m
Migrating to CreateRestaurantes (20130712013501)
Migrating to AddColumEspecialidadeToRestaurantes (20130712020034)
  [1m[35m (221.0ms)[0m  ALTER TABLE `restaurantes` ADD `especialidade` varchar(255)
  [1m[36m (16.1ms)[0m  [1mINSERT INTO `schema_migrations` (`version`) VALUES ('20130712020034')[0m
  [1m[35m (0.2ms)[0m  SELECT `schema_migrations`.`version` FROM `schema_migrations` 


Started GET "/eventos" for 127.0.0.1 at 2013-07-12 18:38:45 -0300
Connecting to database specified by database.yml

ActionController::RoutingError (No route matches [GET] "/eventos"):
  actionpack (3.2.11) lib/action_dispatch/middleware/debug_exceptions.rb:21:in `call'
  actionpack (3.2.11) lib/action_dispatch/middleware/show_exceptions.rb:56:in `call'
  railties (3.2.11) lib/rails/rack/logger.rb:32:in `call_app'
  railties (3.2.11) lib/rails/rack/logger.rb:16:in `block in call'
  activesupport (3.2.11) lib/active_support/tagged_logging.rb:22:in `tagged'
  railties (3.2.11) lib/rails/rack/logger.rb:16:in `call'
  actionpack (3.2.11) lib/action_dispatch/middleware/request_id.rb:22:in `call'
  rack (1.4.5) lib/rack/methodoverride.rb:21:in `call'
  rack (1.4.5) lib/rack/runtime.rb:17:in `call'
  activesupport (3.2.11) lib/active_support/cache/strategy/local_cache.rb:72:in `call'
  rack (1.4.5) lib/rack/lock.rb:15:in `call'
  actionpack (3.2.11) lib/action_dispatch/middleware/static.rb:62:in `call'
  railties (3.2.11) lib/rails/engine.rb:479:in `call'
  railties (3.2.11) lib/rails/application.rb:223:in `call'
  rack (1.4.5) lib/rack/content_length.rb:14:in `call'
  railties (3.2.11) lib/rails/rack/log_tailer.rb:17:in `call'
  rack (1.4.5) lib/rack/handler/webrick.rb:59:in `service'
  /usr/local/lib/ruby/1.9.1/webrick/httpserver.rb:138:in `service'
  /usr/local/lib/ruby/1.9.1/webrick/httpserver.rb:94:in `run'
  /usr/local/lib/ruby/1.9.1/webrick/server.rb:191:in `block in start_thread'


  Rendered /usr/local/lib/ruby/gems/1.9.1/gems/actionpack-3.2.11/lib/action_dispatch/middleware/templates/rescues/routing_error.erb within rescues/layout (4.0ms)


Started GET "/assets/rails.png" for 127.0.0.1 at 2013-07-12 18:38:50 -0300
Served asset /rails.png - 304 Not Modified (8ms)
Connecting to database specified by database.yml
Connecting to database specified by database.yml
Connecting to database specified by database.yml
Connecting to database specified by database.yml
Connecting to database specified by database.yml
Connecting to database specified by database.yml
Connecting to database specified by database.yml
Connecting to database specified by database.yml
Connecting to database specified by database.yml
Connecting to database specified by database.yml
Connecting to database specified by database.yml
Connecting to database specified by database.yml
Connecting to database specified by database.yml
Connecting to database specified by database.yml
Connecting to database specified by database.yml
Connecting to database specified by database.yml
Connecting to database specified by database.yml
Connecting to database specified by database.yml
Connecting to database specified by database.yml
Connecting to database specified by database.yml
Connecting to database specified by database.yml
Connecting to database specified by database.yml
Connecting to database specified by database.yml
Connecting to database specified by database.yml
  [1m[36m (19.8ms)[0m  [1mSELECT `schema_migrations`.`version` FROM `schema_migrations` [0m
Migrating to CreateRestaurantes (20130712013501)
Migrating to AddColumEspecialidadeToRestaurantes (20130712020034)
Migrating to CreateClientes (20130715221329)
  [1m[35m (162.6ms)[0m  CREATE TABLE `clientes` (`id` int(11) DEFAULT NULL auto_increment PRIMARY KEY, `nome` varchar(80), `idade` int(11), `created_at` datetime NOT NULL, `updated_at` datetime NOT NULL) ENGINE=InnoDB
  [1m[36m (24.1ms)[0m  [1mINSERT INTO `schema_migrations` (`version`) VALUES ('20130715221329')[0m
  [1m[35m (0.3ms)[0m  SELECT `schema_migrations`.`version` FROM `schema_migrations` 
Connecting to database specified by database.yml
Connecting to database specified by database.yml
Connecting to database specified by database.yml
Connecting to database specified by database.yml
Connecting to database specified by database.yml
  [1m[36m (1.4ms)[0m  [1mSELECT `schema_migrations`.`version` FROM `schema_migrations` [0m
Migrating to CreateRestaurantes (20130712013501)
Migrating to AddColumEspecialidadeToRestaurantes (20130712020034)
Migrating to CreateClientes (20130715221329)
Migrating to CreatePratos (20130715222843)
  [1m[35m (72.5ms)[0m  CREATE TABLE `pratos` (`id` int(11) DEFAULT NULL auto_increment PRIMARY KEY, `nome` varchar(80), `created_at` datetime NOT NULL, `updated_at` datetime NOT NULL) ENGINE=InnoDB
  [1m[36m (40.8ms)[0m  [1mINSERT INTO `schema_migrations` (`version`) VALUES ('20130715222843')[0m
  [1m[35m (0.2ms)[0m  SELECT `schema_migrations`.`version` FROM `schema_migrations` 
Connecting to database specified by database.yml
Connecting to database specified by database.yml
  [1m[36m (1.4ms)[0m  [1mSELECT `schema_migrations`.`version` FROM `schema_migrations` [0m
Migrating to CreateRestaurantes (20130712013501)
Migrating to AddColumEspecialidadeToRestaurantes (20130712020034)
Migrating to CreateClientes (20130715221329)
Migrating to CreatePratos (20130715222843)
Migrating to CreateReceitas (20130715223702)
  [1m[35m (155.1ms)[0m  CREATE TABLE `receitas` (`id` int(11) DEFAULT NULL auto_increment PRIMARY KEY, `prato_id` int(11), `conteudo` text, `created_at` datetime NOT NULL, `updated_at` datetime NOT NULL) ENGINE=InnoDB
  [1m[36m (16.2ms)[0m  [1mINSERT INTO `schema_migrations` (`version`) VALUES ('20130715223702')[0m
  [1m[35m (0.3ms)[0m  SELECT `schema_migrations`.`version` FROM `schema_migrations` 
Connecting to database specified by database.yml
Connecting to database specified by database.yml
Connecting to database specified by database.yml
Connecting to database specified by database.yml
  [1m[36m (1.4ms)[0m  [1mSELECT `schema_migrations`.`version` FROM `schema_migrations` [0m
Migrating to CreateRestaurantes (20130712013501)
Migrating to AddColumEspecialidadeToRestaurantes (20130712020034)
Migrating to CreateClientes (20130715221329)
Migrating to CreatePratos (20130715222843)
Migrating to CreateReceitas (20130715223702)
Migrating to CreateQualificacoes (20130715224632)
  [1m[35m (53.3ms)[0m  CREATE TABLE `qualificacoes` (`id` int(11) DEFAULT NULL auto_increment PRIMARY KEY, `cliente_id` int(11), `restaurante_id` int(11), `nota` float, `valor_gasto` float, `created_at` datetime NOT NULL, `updated_at` datetime NOT NULL) ENGINE=InnoDB
  [1m[36m (245.8ms)[0m  [1mCREATE INDEX `index_qualificacoes_on_cliente_id` ON `qualificacoes` (`cliente_id`)[0m
  [1m[35m (189.6ms)[0m  CREATE INDEX `index_qualificacoes_on_restaurante_id` ON `qualificacoes` (`restaurante_id`)
  [1m[36m (16.2ms)[0m  [1mINSERT INTO `schema_migrations` (`version`) VALUES ('20130715224632')[0m
  [1m[35m (0.3ms)[0m  SELECT `schema_migrations`.`version` FROM `schema_migrations` 
Connecting to database specified by database.yml
Connecting to database specified by database.yml
Connecting to database specified by database.yml
  [1m[36m (1.5ms)[0m  [1mSELECT `schema_migrations`.`version` FROM `schema_migrations` [0m
Migrating to CreateRestaurantes (20130712013501)
Migrating to AddColumEspecialidadeToRestaurantes (20130712020034)
Migrating to CreateClientes (20130715221329)
Migrating to CreatePratos (20130715222843)
Migrating to CreateReceitas (20130715223702)
Migrating to CreateQualificacoes (20130715224632)
Migrating to CreatePratoRestaurantesJoinTable (20130715235113)
  [1m[35m (68.5ms)[0m  CREATE TABLE `pratos_restaurante` (`prato_id` int(11), `restaurante_id` int(11)) ENGINE=InnoDB
  [1m[36m (49.1ms)[0m  [1mINSERT INTO `schema_migrations` (`version`) VALUES ('20130715235113')[0m
  [1m[35m (0.2ms)[0m  SELECT `schema_migrations`.`version` FROM `schema_migrations` 
Connecting to database specified by database.yml
  [1m[36m (1.4ms)[0m  [1mSELECT `schema_migrations`.`version` FROM `schema_migrations` [0m
  [1m[35m (0.1ms)[0m  SELECT `schema_migrations`.`version` FROM `schema_migrations` 
Migrating to CreatePratoRestaurantesJoinTable (20130715235113)
  [1m[36m (16.3ms)[0m  [1mDROP TABLE `pratos_restaurante`[0m
  [1m[35m (74.1ms)[0m  DELETE FROM `schema_migrations` WHERE `schema_migrations`.`version` = '20130715235113'
  [1m[36m (0.2ms)[0m  [1mSELECT `schema_migrations`.`version` FROM `schema_migrations` [0m
Connecting to database specified by database.yml
Connecting to database specified by database.yml
  [1m[36m (1.4ms)[0m  [1mSELECT `schema_migrations`.`version` FROM `schema_migrations` [0m
Migrating to CreateRestaurantes (20130712013501)
Migrating to AddColumEspecialidadeToRestaurantes (20130712020034)
Migrating to CreateClientes (20130715221329)
Migrating to CreatePratos (20130715222843)
Migrating to CreateReceitas (20130715223702)
Migrating to CreateQualificacoes (20130715224632)
Migrating to CreatePratoRestaurantesJoinTable (20130715235113)
  [1m[35m (85.5ms)[0m  CREATE TABLE `pratos_restaurante` (`prato_id` int(11), `restaurante_id` int(11)) ENGINE=InnoDB
  [1m[36m (16.1ms)[0m  [1mINSERT INTO `schema_migrations` (`version`) VALUES ('20130715235113')[0m
  [1m[35m (0.3ms)[0m  SELECT `schema_migrations`.`version` FROM `schema_migrations` 
Connecting to database specified by database.yml
Connecting to database specified by database.yml


Started GET "/eventos" for 127.0.0.1 at 2013-07-15 21:45:20 -0300
Connecting to database specified by database.yml

ActionController::RoutingError (No route matches [GET] "/eventos"):
  actionpack (3.2.11) lib/action_dispatch/middleware/debug_exceptions.rb:21:in `call'
  actionpack (3.2.11) lib/action_dispatch/middleware/show_exceptions.rb:56:in `call'
  railties (3.2.11) lib/rails/rack/logger.rb:32:in `call_app'
  railties (3.2.11) lib/rails/rack/logger.rb:16:in `block in call'
  activesupport (3.2.11) lib/active_support/tagged_logging.rb:22:in `tagged'
  railties (3.2.11) lib/rails/rack/logger.rb:16:in `call'
  actionpack (3.2.11) lib/action_dispatch/middleware/request_id.rb:22:in `call'
  rack (1.4.5) lib/rack/methodoverride.rb:21:in `call'
  rack (1.4.5) lib/rack/runtime.rb:17:in `call'
  activesupport (3.2.11) lib/active_support/cache/strategy/local_cache.rb:72:in `call'
  rack (1.4.5) lib/rack/lock.rb:15:in `call'
  actionpack (3.2.11) lib/action_dispatch/middleware/static.rb:62:in `call'
  railties (3.2.11) lib/rails/engine.rb:479:in `call'
  railties (3.2.11) lib/rails/application.rb:223:in `call'
  rack (1.4.5) lib/rack/content_length.rb:14:in `call'
  railties (3.2.11) lib/rails/rack/log_tailer.rb:17:in `call'
  rack (1.4.5) lib/rack/handler/webrick.rb:59:in `service'
  /usr/local/lib/ruby/1.9.1/webrick/httpserver.rb:138:in `service'
  /usr/local/lib/ruby/1.9.1/webrick/httpserver.rb:94:in `run'
  /usr/local/lib/ruby/1.9.1/webrick/server.rb:191:in `block in start_thread'


  Rendered /usr/local/lib/ruby/gems/1.9.1/gems/actionpack-3.2.11/lib/action_dispatch/middleware/templates/rescues/routing_error.erb within rescues/layout (3.7ms)


Started GET "/restaurantes" for 127.0.0.1 at 2013-07-15 21:45:23 -0300
Processing by RestaurantesController#index as HTML
Completed 500 Internal Server Error in 1ms

NameError (uninitialized constant RestaurantesController::Resturante):
  app/controllers/restaurantes_controller.rb:6:in `index'


  Rendered /usr/local/lib/ruby/gems/1.9.1/gems/actionpack-3.2.11/lib/action_dispatch/middleware/templates/rescues/_trace.erb (1.7ms)
  Rendered /usr/local/lib/ruby/gems/1.9.1/gems/actionpack-3.2.11/lib/action_dispatch/middleware/templates/rescues/_request_and_response.erb (1.1ms)
  Rendered /usr/local/lib/ruby/gems/1.9.1/gems/actionpack-3.2.11/lib/action_dispatch/middleware/templates/rescues/diagnostics.erb within rescues/layout (58.8ms)


Started GET "/assets/rails.png" for 127.0.0.1 at 2013-07-15 21:45:28 -0300
Served asset /rails.png - 304 Not Modified (44ms)


Started GET "/restaurantes" for 127.0.0.1 at 2013-07-15 21:45:39 -0300
Processing by RestaurantesController#index as HTML
Completed 500 Internal Server Error in 1ms

NameError (uninitialized constant RestaurantesController::Resturante):
  app/controllers/restaurantes_controller.rb:6:in `index'


  Rendered /usr/local/lib/ruby/gems/1.9.1/gems/actionpack-3.2.11/lib/action_dispatch/middleware/templates/rescues/_trace.erb (2.7ms)
  Rendered /usr/local/lib/ruby/gems/1.9.1/gems/actionpack-3.2.11/lib/action_dispatch/middleware/templates/rescues/_request_and_response.erb (1.9ms)
  Rendered /usr/local/lib/ruby/gems/1.9.1/gems/actionpack-3.2.11/lib/action_dispatch/middleware/templates/rescues/diagnostics.erb within rescues/layout (18.2ms)


Started GET "/restaurantes/index" for 127.0.0.1 at 2013-07-15 21:46:01 -0300

AbstractController::ActionNotFound (The action 'show' could not be found for RestaurantesController):
  actionpack (3.2.11) lib/abstract_controller/base.rb:116:in `process'
  actionpack (3.2.11) lib/abstract_controller/rendering.rb:45:in `process'
  actionpack (3.2.11) lib/action_controller/metal.rb:203:in `dispatch'
  actionpack (3.2.11) lib/action_controller/metal/rack_delegation.rb:14:in `dispatch'
  actionpack (3.2.11) lib/action_controller/metal.rb:246:in `block in action'
  actionpack (3.2.11) lib/action_dispatch/routing/route_set.rb:73:in `call'
  actionpack (3.2.11) lib/action_dispatch/routing/route_set.rb:73:in `dispatch'
  actionpack (3.2.11) lib/action_dispatch/routing/route_set.rb:36:in `call'
  journey (1.0.4) lib/journey/router.rb:68:in `block in call'
  journey (1.0.4) lib/journey/router.rb:56:in `each'
  journey (1.0.4) lib/journey/router.rb:56:in `call'
  actionpack (3.2.11) lib/action_dispatch/routing/route_set.rb:601:in `call'
  actionpack (3.2.11) lib/action_dispatch/middleware/best_standards_support.rb:17:in `call'
  rack (1.4.5) lib/rack/etag.rb:23:in `call'
  rack (1.4.5) lib/rack/conditionalget.rb:25:in `call'
  actionpack (3.2.11) lib/action_dispatch/middleware/head.rb:14:in `call'
  actionpack (3.2.11) lib/action_dispatch/middleware/params_parser.rb:21:in `call'
  actionpack (3.2.11) lib/action_dispatch/middleware/flash.rb:242:in `call'
  rack (1.4.5) lib/rack/session/abstract/id.rb:210:in `context'
  rack (1.4.5) lib/rack/session/abstract/id.rb:205:in `call'
  actionpack (3.2.11) lib/action_dispatch/middleware/cookies.rb:341:in `call'
  activerecord (3.2.11) lib/active_record/query_cache.rb:64:in `call'
  activerecord (3.2.11) lib/active_record/connection_adapters/abstract/connection_pool.rb:479:in `call'
  actionpack (3.2.11) lib/action_dispatch/middleware/callbacks.rb:28:in `block in call'
  activesupport (3.2.11) lib/active_support/callbacks.rb:405:in `_run__609655838__call__363372778__callbacks'
  activesupport (3.2.11) lib/active_support/callbacks.rb:405:in `__run_callback'
  activesupport (3.2.11) lib/active_support/callbacks.rb:385:in `_run_call_callbacks'
  activesupport (3.2.11) lib/active_support/callbacks.rb:81:in `run_callbacks'
  actionpack (3.2.11) lib/action_dispatch/middleware/callbacks.rb:27:in `call'
  actionpack (3.2.11) lib/action_dispatch/middleware/reloader.rb:65:in `call'
  actionpack (3.2.11) lib/action_dispatch/middleware/remote_ip.rb:31:in `call'
  actionpack (3.2.11) lib/action_dispatch/middleware/debug_exceptions.rb:16:in `call'
  actionpack (3.2.11) lib/action_dispatch/middleware/show_exceptions.rb:56:in `call'
  railties (3.2.11) lib/rails/rack/logger.rb:32:in `call_app'
  railties (3.2.11) lib/rails/rack/logger.rb:16:in `block in call'
  activesupport (3.2.11) lib/active_support/tagged_logging.rb:22:in `tagged'
  railties (3.2.11) lib/rails/rack/logger.rb:16:in `call'
  actionpack (3.2.11) lib/action_dispatch/middleware/request_id.rb:22:in `call'
  rack (1.4.5) lib/rack/methodoverride.rb:21:in `call'
  rack (1.4.5) lib/rack/runtime.rb:17:in `call'
  activesupport (3.2.11) lib/active_support/cache/strategy/local_cache.rb:72:in `call'
  rack (1.4.5) lib/rack/lock.rb:15:in `call'
  actionpack (3.2.11) lib/action_dispatch/middleware/static.rb:62:in `call'
  railties (3.2.11) lib/rails/engine.rb:479:in `call'
  railties (3.2.11) lib/rails/application.rb:223:in `call'
  rack (1.4.5) lib/rack/content_length.rb:14:in `call'
  railties (3.2.11) lib/rails/rack/log_tailer.rb:17:in `call'
  rack (1.4.5) lib/rack/handler/webrick.rb:59:in `service'
  /usr/local/lib/ruby/1.9.1/webrick/httpserver.rb:138:in `service'
  /usr/local/lib/ruby/1.9.1/webrick/httpserver.rb:94:in `run'
  /usr/local/lib/ruby/1.9.1/webrick/server.rb:191:in `block in start_thread'


  Rendered /usr/local/lib/ruby/gems/1.9.1/gems/actionpack-3.2.11/lib/action_dispatch/middleware/templates/rescues/unknown_action.erb within rescues/layout (0.8ms)


Started GET "/restaurantes" for 127.0.0.1 at 2013-07-15 21:46:06 -0300
Processing by RestaurantesController#index as HTML
Completed 500 Internal Server Error in 1ms

NameError (uninitialized constant RestaurantesController::Resturante):
  app/controllers/restaurantes_controller.rb:6:in `index'


  Rendered /usr/local/lib/ruby/gems/1.9.1/gems/actionpack-3.2.11/lib/action_dispatch/middleware/templates/rescues/_trace.erb (4.0ms)
  Rendered /usr/local/lib/ruby/gems/1.9.1/gems/actionpack-3.2.11/lib/action_dispatch/middleware/templates/rescues/_request_and_response.erb (1.8ms)
  Rendered /usr/local/lib/ruby/gems/1.9.1/gems/actionpack-3.2.11/lib/action_dispatch/middleware/templates/rescues/diagnostics.erb within rescues/layout (19.0ms)


Started GET "/restaurante" for 127.0.0.1 at 2013-07-15 21:46:08 -0300

ActionController::RoutingError (No route matches [GET] "/restaurante"):
  actionpack (3.2.11) lib/action_dispatch/middleware/debug_exceptions.rb:21:in `call'
  actionpack (3.2.11) lib/action_dispatch/middleware/show_exceptions.rb:56:in `call'
  railties (3.2.11) lib/rails/rack/logger.rb:32:in `call_app'
  railties (3.2.11) lib/rails/rack/logger.rb:16:in `block in call'
  activesupport (3.2.11) lib/active_support/tagged_logging.rb:22:in `tagged'
  railties (3.2.11) lib/rails/rack/logger.rb:16:in `call'
  actionpack (3.2.11) lib/action_dispatch/middleware/request_id.rb:22:in `call'
  rack (1.4.5) lib/rack/methodoverride.rb:21:in `call'
  rack (1.4.5) lib/rack/runtime.rb:17:in `call'
  activesupport (3.2.11) lib/active_support/cache/strategy/local_cache.rb:72:in `call'
  rack (1.4.5) lib/rack/lock.rb:15:in `call'
  actionpack (3.2.11) lib/action_dispatch/middleware/static.rb:62:in `call'
  railties (3.2.11) lib/rails/engine.rb:479:in `call'
  railties (3.2.11) lib/rails/application.rb:223:in `call'
  rack (1.4.5) lib/rack/content_length.rb:14:in `call'
  railties (3.2.11) lib/rails/rack/log_tailer.rb:17:in `call'
  rack (1.4.5) lib/rack/handler/webrick.rb:59:in `service'
  /usr/local/lib/ruby/1.9.1/webrick/httpserver.rb:138:in `service'
  /usr/local/lib/ruby/1.9.1/webrick/httpserver.rb:94:in `run'
  /usr/local/lib/ruby/1.9.1/webrick/server.rb:191:in `block in start_thread'


  Rendered /usr/local/lib/ruby/gems/1.9.1/gems/actionpack-3.2.11/lib/action_dispatch/middleware/templates/rescues/routing_error.erb within rescues/layout (1.2ms)


Started GET "/restaurantes" for 127.0.0.1 at 2013-07-15 21:46:11 -0300
Processing by RestaurantesController#index as HTML
Completed 500 Internal Server Error in 2ms

NameError (uninitialized constant RestaurantesController::Resturante):
  app/controllers/restaurantes_controller.rb:6:in `index'


  Rendered /usr/local/lib/ruby/gems/1.9.1/gems/actionpack-3.2.11/lib/action_dispatch/middleware/templates/rescues/_trace.erb (4.0ms)
  Rendered /usr/local/lib/ruby/gems/1.9.1/gems/actionpack-3.2.11/lib/action_dispatch/middleware/templates/rescues/_request_and_response.erb (1.9ms)
  Rendered /usr/local/lib/ruby/gems/1.9.1/gems/actionpack-3.2.11/lib/action_dispatch/middleware/templates/rescues/diagnostics.erb within rescues/layout (18.9ms)


Started GET "/Restaurantes" for 127.0.0.1 at 2013-07-15 21:47:02 -0300

ActionController::RoutingError (No route matches [GET] "/Restaurantes"):
  actionpack (3.2.11) lib/action_dispatch/middleware/debug_exceptions.rb:21:in `call'
  actionpack (3.2.11) lib/action_dispatch/middleware/show_exceptions.rb:56:in `call'
  railties (3.2.11) lib/rails/rack/logger.rb:32:in `call_app'
  railties (3.2.11) lib/rails/rack/logger.rb:16:in `block in call'
  activesupport (3.2.11) lib/active_support/tagged_logging.rb:22:in `tagged'
  railties (3.2.11) lib/rails/rack/logger.rb:16:in `call'
  actionpack (3.2.11) lib/action_dispatch/middleware/request_id.rb:22:in `call'
  rack (1.4.5) lib/rack/methodoverride.rb:21:in `call'
  rack (1.4.5) lib/rack/runtime.rb:17:in `call'
  activesupport (3.2.11) lib/active_support/cache/strategy/local_cache.rb:72:in `call'
  rack (1.4.5) lib/rack/lock.rb:15:in `call'
  actionpack (3.2.11) lib/action_dispatch/middleware/static.rb:62:in `call'
  railties (3.2.11) lib/rails/engine.rb:479:in `call'
  railties (3.2.11) lib/rails/application.rb:223:in `call'
  rack (1.4.5) lib/rack/content_length.rb:14:in `call'
  railties (3.2.11) lib/rails/rack/log_tailer.rb:17:in `call'
  rack (1.4.5) lib/rack/handler/webrick.rb:59:in `service'
  /usr/local/lib/ruby/1.9.1/webrick/httpserver.rb:138:in `service'
  /usr/local/lib/ruby/1.9.1/webrick/httpserver.rb:94:in `run'
  /usr/local/lib/ruby/1.9.1/webrick/server.rb:191:in `block in start_thread'


  Rendered /usr/local/lib/ruby/gems/1.9.1/gems/actionpack-3.2.11/lib/action_dispatch/middleware/templates/rescues/routing_error.erb within rescues/layout (1.3ms)


Started GET "/restaurantes" for 127.0.0.1 at 2013-07-15 21:47:11 -0300
Processing by RestaurantesController#index as HTML
Completed 500 Internal Server Error in 3ms

NameError (uninitialized constant RestaurantesController::Resturante):
  app/controllers/restaurantes_controller.rb:6:in `index'


  Rendered /usr/local/lib/ruby/gems/1.9.1/gems/actionpack-3.2.11/lib/action_dispatch/middleware/templates/rescues/_trace.erb (2.7ms)
  Rendered /usr/local/lib/ruby/gems/1.9.1/gems/actionpack-3.2.11/lib/action_dispatch/middleware/templates/rescues/_request_and_response.erb (1.9ms)
  Rendered /usr/local/lib/ruby/gems/1.9.1/gems/actionpack-3.2.11/lib/action_dispatch/middleware/templates/rescues/diagnostics.erb within rescues/layout (17.8ms)


Started GET "/vota_prato/restaurantes" for 127.0.0.1 at 2013-07-15 21:47:26 -0300

ActionController::RoutingError (No route matches [GET] "/vota_prato/restaurantes"):
  actionpack (3.2.11) lib/action_dispatch/middleware/debug_exceptions.rb:21:in `call'
  actionpack (3.2.11) lib/action_dispatch/middleware/show_exceptions.rb:56:in `call'
  railties (3.2.11) lib/rails/rack/logger.rb:32:in `call_app'
  railties (3.2.11) lib/rails/rack/logger.rb:16:in `block in call'
  activesupport (3.2.11) lib/active_support/tagged_logging.rb:22:in `tagged'
  railties (3.2.11) lib/rails/rack/logger.rb:16:in `call'
  actionpack (3.2.11) lib/action_dispatch/middleware/request_id.rb:22:in `call'
  rack (1.4.5) lib/rack/methodoverride.rb:21:in `call'
  rack (1.4.5) lib/rack/runtime.rb:17:in `call'
  activesupport (3.2.11) lib/active_support/cache/strategy/local_cache.rb:72:in `call'
  rack (1.4.5) lib/rack/lock.rb:15:in `call'
  actionpack (3.2.11) lib/action_dispatch/middleware/static.rb:62:in `call'
  railties (3.2.11) lib/rails/engine.rb:479:in `call'
  railties (3.2.11) lib/rails/application.rb:223:in `call'
  rack (1.4.5) lib/rack/content_length.rb:14:in `call'
  railties (3.2.11) lib/rails/rack/log_tailer.rb:17:in `call'
  rack (1.4.5) lib/rack/handler/webrick.rb:59:in `service'
  /usr/local/lib/ruby/1.9.1/webrick/httpserver.rb:138:in `service'
  /usr/local/lib/ruby/1.9.1/webrick/httpserver.rb:94:in `run'
  /usr/local/lib/ruby/1.9.1/webrick/server.rb:191:in `block in start_thread'


  Rendered /usr/local/lib/ruby/gems/1.9.1/gems/actionpack-3.2.11/lib/action_dispatch/middleware/templates/rescues/routing_error.erb within rescues/layout (1.4ms)


Started GET "/restaurantes" for 127.0.0.1 at 2013-07-15 21:48:14 -0300
Processing by RestaurantesController#index as HTML
Completed 500 Internal Server Error in 1ms

NameError (uninitialized constant RestaurantesController::Resturante):
  app/controllers/restaurantes_controller.rb:6:in `index'


  Rendered /usr/local/lib/ruby/gems/1.9.1/gems/actionpack-3.2.11/lib/action_dispatch/middleware/templates/rescues/_trace.erb (2.8ms)
  Rendered /usr/local/lib/ruby/gems/1.9.1/gems/actionpack-3.2.11/lib/action_dispatch/middleware/templates/rescues/_request_and_response.erb (28.9ms)
  Rendered /usr/local/lib/ruby/gems/1.9.1/gems/actionpack-3.2.11/lib/action_dispatch/middleware/templates/rescues/diagnostics.erb within rescues/layout (44.9ms)


Started GET "/restaurantes" for 127.0.0.1 at 2013-07-15 21:48:34 -0300
Connecting to database specified by database.yml
Processing by RestaurantesController#index as HTML
Completed 500 Internal Server Error in 1ms

NameError (uninitialized constant RestaurantesController::Resturante):
  app/controllers/restaurantes_controller.rb:6:in `index'


  Rendered /usr/local/lib/ruby/gems/1.9.1/gems/actionpack-3.2.11/lib/action_dispatch/middleware/templates/rescues/_trace.erb (1.8ms)
  Rendered /usr/local/lib/ruby/gems/1.9.1/gems/actionpack-3.2.11/lib/action_dispatch/middleware/templates/rescues/_request_and_response.erb (1.1ms)
  Rendered /usr/local/lib/ruby/gems/1.9.1/gems/actionpack-3.2.11/lib/action_dispatch/middleware/templates/rescues/diagnostics.erb within rescues/layout (13.4ms)


Started GET "/restaurantes" for 127.0.0.1 at 2013-07-15 21:48:37 -0300
Processing by RestaurantesController#index as HTML
Completed 500 Internal Server Error in 1ms

NameError (uninitialized constant RestaurantesController::Resturante):
  app/controllers/restaurantes_controller.rb:6:in `index'


  Rendered /usr/local/lib/ruby/gems/1.9.1/gems/actionpack-3.2.11/lib/action_dispatch/middleware/templates/rescues/_trace.erb (2.6ms)
  Rendered /usr/local/lib/ruby/gems/1.9.1/gems/actionpack-3.2.11/lib/action_dispatch/middleware/templates/rescues/_request_and_response.erb (1.9ms)
  Rendered /usr/local/lib/ruby/gems/1.9.1/gems/actionpack-3.2.11/lib/action_dispatch/middleware/templates/rescues/diagnostics.erb within rescues/layout (18.2ms)


Started GET "/restaurantes" for 127.0.0.1 at 2013-07-15 21:53:39 -0300
Connecting to database specified by database.yml
Processing by RestaurantesController#index as HTML
Completed 500 Internal Server Error in 1ms

NameError (uninitialized constant RestaurantesController::Resturante):
  app/controllers/restaurantes_controller.rb:6:in `index'


  Rendered /usr/local/lib/ruby/gems/1.9.1/gems/actionpack-3.2.11/lib/action_dispatch/middleware/templates/rescues/_trace.erb (1.7ms)
  Rendered /usr/local/lib/ruby/gems/1.9.1/gems/actionpack-3.2.11/lib/action_dispatch/middleware/templates/rescues/_request_and_response.erb (1.1ms)
  Rendered /usr/local/lib/ruby/gems/1.9.1/gems/actionpack-3.2.11/lib/action_dispatch/middleware/templates/rescues/diagnostics.erb within rescues/layout (13.4ms)


Started GET "/restaurantes" for 127.0.0.1 at 2013-07-15 21:54:34 -0300
Connecting to database specified by database.yml
Processing by RestaurantesController#index as HTML
  [1m[36mRestaurante Load (0.3ms)[0m  [1mSELECT `restaurantes`.* FROM `restaurantes` ORDER BY nome[0m
  Rendered restaurantes/index.html.erb within layouts/application (77.4ms)
Completed 500 Internal Server Error in 176ms

ActionView::Template::Error (undefined method `ID' for #<Restaurante:0xa935d50>):
    9: 	<!--codigo <%%> executa codigo dentro do <%= %> -->
    10: 	<% @restaurantes.each do |restaurante| %>
    11: 	<tr>
    12: 		<td><%= restaurante.ID %></td>
    13: 		<td><%= restaurante.nome %></td>
    14: 		<td><%= restaurante.endereco %></td>
    15: 		<td><%= restaurante.especialidade%></td>
  app/views/restaurantes/index.html.erb:12:in `block in _app_views_restaurantes_index_html_erb___188864411_85996550'
  app/views/restaurantes/index.html.erb:10:in `_app_views_restaurantes_index_html_erb___188864411_85996550'


  Rendered /usr/local/lib/ruby/gems/1.9.1/gems/actionpack-3.2.11/lib/action_dispatch/middleware/templates/rescues/_trace.erb (2.1ms)
  Rendered /usr/local/lib/ruby/gems/1.9.1/gems/actionpack-3.2.11/lib/action_dispatch/middleware/templates/rescues/_request_and_response.erb (1.3ms)
  Rendered /usr/local/lib/ruby/gems/1.9.1/gems/actionpack-3.2.11/lib/action_dispatch/middleware/templates/rescues/template_error.erb within rescues/layout (13.3ms)


Started GET "/restaurantes" for 127.0.0.1 at 2013-07-15 21:56:43 -0300
Connecting to database specified by database.yml
Processing by RestaurantesController#index as HTML
  [1m[36mRestaurante Load (0.1ms)[0m  [1mSELECT `restaurantes`.* FROM `restaurantes` ORDER BY nome[0m
  Rendered restaurantes/index.html.erb within layouts/application (44.2ms)
Completed 500 Internal Server Error in 130ms

ActionView::Template::Error (undefined method `ID' for #<Restaurante:0x9dec804>):
    10: 	
    11: 	<% @restaurantes.each do |restaurante| %>
    12: 	<tr>
    13: 		<td><%= restaurante.ID %></td>
    14: 		<td><%= restaurante.nome %></td>
    15: 		<td><%= restaurante.endereco %></td>
    16: 		<td><%= restaurante.especialidade%></td>
  app/views/restaurantes/index.html.erb:13:in `block in _app_views_restaurantes_index_html_erb___320449453_82073570'
  app/views/restaurantes/index.html.erb:11:in `_app_views_restaurantes_index_html_erb___320449453_82073570'


  Rendered /usr/local/lib/ruby/gems/1.9.1/gems/actionpack-3.2.11/lib/action_dispatch/middleware/templates/rescues/_trace.erb (1.5ms)
  Rendered /usr/local/lib/ruby/gems/1.9.1/gems/actionpack-3.2.11/lib/action_dispatch/middleware/templates/rescues/_request_and_response.erb (1.0ms)
  Rendered /usr/local/lib/ruby/gems/1.9.1/gems/actionpack-3.2.11/lib/action_dispatch/middleware/templates/rescues/template_error.erb within rescues/layout (9.7ms)


Started GET "/restaurantes" for 127.0.0.1 at 2013-07-15 21:56:46 -0300
Processing by RestaurantesController#index as HTML
  [1m[35mRestaurante Load (0.4ms)[0m  SELECT `restaurantes`.* FROM `restaurantes` ORDER BY nome
  Rendered restaurantes/index.html.erb within layouts/application (3.8ms)
Completed 500 Internal Server Error in 7ms

ActionView::Template::Error (undefined method `ID' for #<Restaurante:0x9740834>):
    10: 	
    11: 	<% @restaurantes.each do |restaurante| %>
    12: 	<tr>
    13: 		<td><%= restaurante.ID %></td>
    14: 		<td><%= restaurante.nome %></td>
    15: 		<td><%= restaurante.endereco %></td>
    16: 		<td><%= restaurante.especialidade%></td>
  app/views/restaurantes/index.html.erb:13:in `block in _app_views_restaurantes_index_html_erb___320449453_82073570'
  app/views/restaurantes/index.html.erb:11:in `_app_views_restaurantes_index_html_erb___320449453_82073570'


  Rendered /usr/local/lib/ruby/gems/1.9.1/gems/actionpack-3.2.11/lib/action_dispatch/middleware/templates/rescues/_trace.erb (2.6ms)
  Rendered /usr/local/lib/ruby/gems/1.9.1/gems/actionpack-3.2.11/lib/action_dispatch/middleware/templates/rescues/_request_and_response.erb (1.7ms)
  Rendered /usr/local/lib/ruby/gems/1.9.1/gems/actionpack-3.2.11/lib/action_dispatch/middleware/templates/rescues/template_error.erb within rescues/layout (16.9ms)


Started GET "/restaurantes" for 127.0.0.1 at 2013-07-15 21:57:41 -0300
Connecting to database specified by database.yml
Processing by RestaurantesController#index as HTML
  [1m[36mRestaurante Load (0.1ms)[0m  [1mSELECT `restaurantes`.* FROM `restaurantes` ORDER BY nome[0m
  Rendered restaurantes/index.html.erb within layouts/application (16.4ms)
Compiled restaurantes.css  (43ms)  (pid 20874)
Compiled application.css  (85ms)  (pid 20874)
Compiled jquery.js  (4ms)  (pid 20874)
Compiled jquery_ujs.js  (0ms)  (pid 20874)
Compiled restaurantes.js  (502ms)  (pid 20874)
Compiled application.js  (608ms)  (pid 20874)
Completed 200 OK in 910ms (Views: 860.2ms | ActiveRecord: 1.5ms)


Started GET "/assets/restaurantes.css?body=1" for 127.0.0.1 at 2013-07-15 21:57:42 -0300
Served asset /restaurantes.css - 200 OK (2ms)


Started GET "/assets/application.css?body=1" for 127.0.0.1 at 2013-07-15 21:57:42 -0300
Served asset /application.css - 304 Not Modified (3ms)


Started GET "/assets/restaurantes.js?body=1" for 127.0.0.1 at 2013-07-15 21:57:42 -0300
Served asset /restaurantes.js - 200 OK (1ms)


Started GET "/assets/jquery.js?body=1" for 127.0.0.1 at 2013-07-15 21:57:42 -0300
Served asset /jquery.js - 304 Not Modified (4ms)


Started GET "/assets/jquery_ujs.js?body=1" for 127.0.0.1 at 2013-07-15 21:57:42 -0300
Served asset /jquery_ujs.js - 304 Not Modified (2ms)


Started GET "/assets/application.js?body=1" for 127.0.0.1 at 2013-07-15 21:57:42 -0300
Served asset /application.js - 304 Not Modified (6ms)
Connecting to database specified by database.yml


Started GET "/restaurantes" for 127.0.0.1 at 2013-07-15 22:24:44 -0300
Connecting to database specified by database.yml
Processing by RestaurantesController#index as HTML
ERROR: compiling _app_views_restaurantes_index_html_erb___542217492_78738140 RAISED /home/rr3639/Desktop/vota_prato/app/views/restaurantes/index.html.erb:18: syntax error, unexpected tIDENTIFIER, expecting ')'
...k_to "mostra", action:"show" id: restaurante );@output_buffe...
...                               ^
Function body:           def _app_views_restaurantes_index_html_erb___542217492_78738140(local_assigns, output_buffer)
            _old_virtual_path, @virtual_path = @virtual_path, "restaurantes/index";_old_output_buffer = @output_buffer;;@output_buffer = output_buffer || ActionView::OutputBuffer.new;@output_buffer.safe_concat('<h1>Listagem de restaurante</h1>
<table>
	<tr> 
		<th>ID</th>
		<th>Nome</th>
		<th>Endereço</th>
		<th>Especialidade</th>
		<th>opcao</th>
	</tr>

	
');	 @restaurantes.each do |restaurante| 
@output_buffer.safe_concat('	<tr>
		<td>');@output_buffer.append= ( restaurante.id );@output_buffer.safe_concat('</td>
		<td>');@output_buffer.append= ( restaurante.nome );@output_buffer.safe_concat('</td>
		<td>');@output_buffer.append= ( restaurante.endereco );@output_buffer.safe_concat('</td>
		<td>');@output_buffer.append= ( restaurante.especialidade);@output_buffer.safe_concat('</td>
		<td>');@output_buffer.append= ( link_to "mostra", action:"show" id: restaurante );@output_buffer.safe_concat('</td>
	</tr>
');	end
@output_buffer.safe_concat('

</table>

');@output_buffer.to_s
          ensure
            @virtual_path, @output_buffer = _old_virtual_path, _old_output_buffer
          end

Backtrace: /usr/local/lib/ruby/gems/1.9.1/gems/actionpack-3.2.11/lib/action_view/template.rb:297:in `module_eval'
/usr/local/lib/ruby/gems/1.9.1/gems/actionpack-3.2.11/lib/action_view/template.rb:297:in `compile'
/usr/local/lib/ruby/gems/1.9.1/gems/actionpack-3.2.11/lib/action_view/template.rb:244:in `block in compile!'
<internal:prelude>:10:in `synchronize'
/usr/local/lib/ruby/gems/1.9.1/gems/actionpack-3.2.11/lib/action_view/template.rb:232:in `compile!'
/usr/local/lib/ruby/gems/1.9.1/gems/actionpack-3.2.11/lib/action_view/template.rb:144:in `block in render'
/usr/local/lib/ruby/gems/1.9.1/gems/activesupport-3.2.11/lib/active_support/notifications.rb:125:in `instrument'
/usr/local/lib/ruby/gems/1.9.1/gems/actionpack-3.2.11/lib/action_view/template.rb:143:in `render'
/usr/local/lib/ruby/gems/1.9.1/gems/actionpack-3.2.11/lib/action_view/renderer/template_renderer.rb:47:in `block (2 levels) in render_template'
/usr/local/lib/ruby/gems/1.9.1/gems/actionpack-3.2.11/lib/action_view/renderer/abstract_renderer.rb:38:in `block in instrument'
/usr/local/lib/ruby/gems/1.9.1/gems/activesupport-3.2.11/lib/active_support/notifications.rb:123:in `block in instrument'
/usr/local/lib/ruby/gems/1.9.1/gems/activesupport-3.2.11/lib/active_support/notifications/instrumenter.rb:20:in `instrument'
/usr/local/lib/ruby/gems/1.9.1/gems/activesupport-3.2.11/lib/active_support/notifications.rb:123:in `instrument'
/usr/local/lib/ruby/gems/1.9.1/gems/actionpack-3.2.11/lib/action_view/renderer/abstract_renderer.rb:38:in `instrument'
/usr/local/lib/ruby/gems/1.9.1/gems/actionpack-3.2.11/lib/action_view/renderer/template_renderer.rb:46:in `block in render_template'
/usr/local/lib/ruby/gems/1.9.1/gems/actionpack-3.2.11/lib/action_view/renderer/template_renderer.rb:54:in `render_with_layout'
/usr/local/lib/ruby/gems/1.9.1/gems/actionpack-3.2.11/lib/action_view/renderer/template_renderer.rb:45:in `render_template'
/usr/local/lib/ruby/gems/1.9.1/gems/actionpack-3.2.11/lib/action_view/renderer/template_renderer.rb:18:in `render'
/usr/local/lib/ruby/gems/1.9.1/gems/actionpack-3.2.11/lib/action_view/renderer/renderer.rb:36:in `render_template'
/usr/local/lib/ruby/gems/1.9.1/gems/actionpack-3.2.11/lib/action_view/renderer/renderer.rb:17:in `render'
/usr/local/lib/ruby/gems/1.9.1/gems/actionpack-3.2.11/lib/abstract_controller/rendering.rb:110:in `_render_template'
/usr/local/lib/ruby/gems/1.9.1/gems/actionpack-3.2.11/lib/action_controller/metal/streaming.rb:225:in `_render_template'
/usr/local/lib/ruby/gems/1.9.1/gems/actionpack-3.2.11/lib/abstract_controller/rendering.rb:103:in `render_to_body'
/usr/local/lib/ruby/gems/1.9.1/gems/actionpack-3.2.11/lib/action_controller/metal/renderers.rb:28:in `render_to_body'
/usr/local/lib/ruby/gems/1.9.1/gems/actionpack-3.2.11/lib/action_controller/metal/compatibility.rb:50:in `render_to_body'
/usr/local/lib/ruby/gems/1.9.1/gems/actionpack-3.2.11/lib/abstract_controller/rendering.rb:88:in `render'
/usr/local/lib/ruby/gems/1.9.1/gems/actionpack-3.2.11/lib/action_controller/metal/rendering.rb:16:in `render'
/usr/local/lib/ruby/gems/1.9.1/gems/actionpack-3.2.11/lib/action_controller/metal/instrumentation.rb:40:in `block (2 levels) in render'
/usr/local/lib/ruby/gems/1.9.1/gems/activesupport-3.2.11/lib/active_support/core_ext/benchmark.rb:5:in `block in ms'
/usr/local/lib/ruby/1.9.1/benchmark.rb:295:in `realtime'
/usr/local/lib/ruby/gems/1.9.1/gems/activesupport-3.2.11/lib/active_support/core_ext/benchmark.rb:5:in `ms'
/usr/local/lib/ruby/gems/1.9.1/gems/actionpack-3.2.11/lib/action_controller/metal/instrumentation.rb:40:in `block in render'
/usr/local/lib/ruby/gems/1.9.1/gems/actionpack-3.2.11/lib/action_controller/metal/instrumentation.rb:83:in `cleanup_view_runtime'
/usr/local/lib/ruby/gems/1.9.1/gems/activerecord-3.2.11/lib/active_record/railties/controller_runtime.rb:24:in `cleanup_view_runtime'
/usr/local/lib/ruby/gems/1.9.1/gems/actionpack-3.2.11/lib/action_controller/metal/instrumentation.rb:39:in `render'
/usr/local/lib/ruby/gems/1.9.1/gems/actionpack-3.2.11/lib/action_controller/metal/implicit_render.rb:10:in `default_render'
/usr/local/lib/ruby/gems/1.9.1/gems/actionpack-3.2.11/lib/action_controller/metal/implicit_render.rb:5:in `send_action'
/usr/local/lib/ruby/gems/1.9.1/gems/actionpack-3.2.11/lib/abstract_controller/base.rb:167:in `process_action'
/usr/local/lib/ruby/gems/1.9.1/gems/actionpack-3.2.11/lib/action_controller/metal/rendering.rb:10:in `process_action'
/usr/local/lib/ruby/gems/1.9.1/gems/actionpack-3.2.11/lib/abstract_controller/callbacks.rb:18:in `block in process_action'
/usr/local/lib/ruby/gems/1.9.1/gems/activesupport-3.2.11/lib/active_support/callbacks.rb:414:in `_run__194066846__process_action__321477249__callbacks'
/usr/local/lib/ruby/gems/1.9.1/gems/activesupport-3.2.11/lib/active_support/callbacks.rb:405:in `__run_callback'
/usr/local/lib/ruby/gems/1.9.1/gems/activesupport-3.2.11/lib/active_support/callbacks.rb:385:in `_run_process_action_callbacks'
/usr/local/lib/ruby/gems/1.9.1/gems/activesupport-3.2.11/lib/active_support/callbacks.rb:81:in `run_callbacks'
/usr/local/lib/ruby/gems/1.9.1/gems/actionpack-3.2.11/lib/abstract_controller/callbacks.rb:17:in `process_action'
/usr/local/lib/ruby/gems/1.9.1/gems/actionpack-3.2.11/lib/action_controller/metal/rescue.rb:29:in `process_action'
/usr/local/lib/ruby/gems/1.9.1/gems/actionpack-3.2.11/lib/action_controller/metal/instrumentation.rb:30:in `block in process_action'
/usr/local/lib/ruby/gems/1.9.1/gems/activesupport-3.2.11/lib/active_support/notifications.rb:123:in `block in instrument'
/usr/local/lib/ruby/gems/1.9.1/gems/activesupport-3.2.11/lib/active_support/notifications/instrumenter.rb:20:in `instrument'
/usr/local/lib/ruby/gems/1.9.1/gems/activesupport-3.2.11/lib/active_support/notifications.rb:123:in `instrument'
/usr/local/lib/ruby/gems/1.9.1/gems/actionpack-3.2.11/lib/action_controller/metal/instrumentation.rb:29:in `process_action'
/usr/local/lib/ruby/gems/1.9.1/gems/actionpack-3.2.11/lib/action_controller/metal/params_wrapper.rb:207:in `process_action'
/usr/local/lib/ruby/gems/1.9.1/gems/activerecord-3.2.11/lib/active_record/railties/controller_runtime.rb:18:in `process_action'
/usr/local/lib/ruby/gems/1.9.1/gems/actionpack-3.2.11/lib/abstract_controller/base.rb:121:in `process'
/usr/local/lib/ruby/gems/1.9.1/gems/actionpack-3.2.11/lib/abstract_controller/rendering.rb:45:in `process'
/usr/local/lib/ruby/gems/1.9.1/gems/actionpack-3.2.11/lib/action_controller/metal.rb:203:in `dispatch'
/usr/local/lib/ruby/gems/1.9.1/gems/actionpack-3.2.11/lib/action_controller/metal/rack_delegation.rb:14:in `dispatch'
/usr/local/lib/ruby/gems/1.9.1/gems/actionpack-3.2.11/lib/action_controller/metal.rb:246:in `block in action'
/usr/local/lib/ruby/gems/1.9.1/gems/actionpack-3.2.11/lib/action_dispatch/routing/route_set.rb:73:in `call'
/usr/local/lib/ruby/gems/1.9.1/gems/actionpack-3.2.11/lib/action_dispatch/routing/route_set.rb:73:in `dispatch'
/usr/local/lib/ruby/gems/1.9.1/gems/actionpack-3.2.11/lib/action_dispatch/routing/route_set.rb:36:in `call'
/usr/local/lib/ruby/gems/1.9.1/gems/journey-1.0.4/lib/journey/router.rb:68:in `block in call'
/usr/local/lib/ruby/gems/1.9.1/gems/journey-1.0.4/lib/journey/router.rb:56:in `each'
/usr/local/lib/ruby/gems/1.9.1/gems/journey-1.0.4/lib/journey/router.rb:56:in `call'
/usr/local/lib/ruby/gems/1.9.1/gems/actionpack-3.2.11/lib/action_dispatch/routing/route_set.rb:601:in `call'
/usr/local/lib/ruby/gems/1.9.1/gems/actionpack-3.2.11/lib/action_dispatch/middleware/best_standards_support.rb:17:in `call'
/usr/local/lib/ruby/gems/1.9.1/gems/rack-1.4.5/lib/rack/etag.rb:23:in `call'
/usr/local/lib/ruby/gems/1.9.1/gems/rack-1.4.5/lib/rack/conditionalget.rb:25:in `call'
/usr/local/lib/ruby/gems/1.9.1/gems/actionpack-3.2.11/lib/action_dispatch/middleware/head.rb:14:in `call'
/usr/local/lib/ruby/gems/1.9.1/gems/actionpack-3.2.11/lib/action_dispatch/middleware/params_parser.rb:21:in `call'
/usr/local/lib/ruby/gems/1.9.1/gems/actionpack-3.2.11/lib/action_dispatch/middleware/flash.rb:242:in `call'
/usr/local/lib/ruby/gems/1.9.1/gems/rack-1.4.5/lib/rack/session/abstract/id.rb:210:in `context'
/usr/local/lib/ruby/gems/1.9.1/gems/rack-1.4.5/lib/rack/session/abstract/id.rb:205:in `call'
/usr/local/lib/ruby/gems/1.9.1/gems/actionpack-3.2.11/lib/action_dispatch/middleware/cookies.rb:341:in `call'
/usr/local/lib/ruby/gems/1.9.1/gems/activerecord-3.2.11/lib/active_record/query_cache.rb:64:in `call'
/usr/local/lib/ruby/gems/1.9.1/gems/activerecord-3.2.11/lib/active_record/connection_adapters/abstract/connection_pool.rb:479:in `call'
/usr/local/lib/ruby/gems/1.9.1/gems/actionpack-3.2.11/lib/action_dispatch/middleware/callbacks.rb:28:in `block in call'
/usr/local/lib/ruby/gems/1.9.1/gems/activesupport-3.2.11/lib/active_support/callbacks.rb:405:in `_run__75010180__call__904930496__callbacks'
/usr/local/lib/ruby/gems/1.9.1/gems/activesupport-3.2.11/lib/active_support/callbacks.rb:405:in `__run_callback'
/usr/local/lib/ruby/gems/1.9.1/gems/activesupport-3.2.11/lib/active_support/callbacks.rb:385:in `_run_call_callbacks'
/usr/local/lib/ruby/gems/1.9.1/gems/activesupport-3.2.11/lib/active_support/callbacks.rb:81:in `run_callbacks'
/usr/local/lib/ruby/gems/1.9.1/gems/actionpack-3.2.11/lib/action_dispatch/middleware/callbacks.rb:27:in `call'
/usr/local/lib/ruby/gems/1.9.1/gems/actionpack-3.2.11/lib/action_dispatch/middleware/reloader.rb:65:in `call'
/usr/local/lib/ruby/gems/1.9.1/gems/actionpack-3.2.11/lib/action_dispatch/middleware/remote_ip.rb:31:in `call'
/usr/local/lib/ruby/gems/1.9.1/gems/actionpack-3.2.11/lib/action_dispatch/middleware/debug_exceptions.rb:16:in `call'
/usr/local/lib/ruby/gems/1.9.1/gems/actionpack-3.2.11/lib/action_dispatch/middleware/show_exceptions.rb:56:in `call'
/usr/local/lib/ruby/gems/1.9.1/gems/railties-3.2.11/lib/rails/rack/logger.rb:32:in `call_app'
/usr/local/lib/ruby/gems/1.9.1/gems/railties-3.2.11/lib/rails/rack/logger.rb:16:in `block in call'
/usr/local/lib/ruby/gems/1.9.1/gems/activesupport-3.2.11/lib/active_support/tagged_logging.rb:22:in `tagged'
/usr/local/lib/ruby/gems/1.9.1/gems/railties-3.2.11/lib/rails/rack/logger.rb:16:in `call'
/usr/local/lib/ruby/gems/1.9.1/gems/actionpack-3.2.11/lib/action_dispatch/middleware/request_id.rb:22:in `call'
/usr/local/lib/ruby/gems/1.9.1/gems/rack-1.4.5/lib/rack/methodoverride.rb:21:in `call'
/usr/local/lib/ruby/gems/1.9.1/gems/rack-1.4.5/lib/rack/runtime.rb:17:in `call'
/usr/local/lib/ruby/gems/1.9.1/gems/activesupport-3.2.11/lib/active_support/cache/strategy/local_cache.rb:72:in `call'
/usr/local/lib/ruby/gems/1.9.1/gems/rack-1.4.5/lib/rack/lock.rb:15:in `call'
/usr/local/lib/ruby/gems/1.9.1/gems/actionpack-3.2.11/lib/action_dispatch/middleware/static.rb:62:in `call'
/usr/local/lib/ruby/gems/1.9.1/gems/railties-3.2.11/lib/rails/engine.rb:479:in `call'
/usr/local/lib/ruby/gems/1.9.1/gems/railties-3.2.11/lib/rails/application.rb:223:in `call'
/usr/local/lib/ruby/gems/1.9.1/gems/rack-1.4.5/lib/rack/content_length.rb:14:in `call'
/usr/local/lib/ruby/gems/1.9.1/gems/railties-3.2.11/lib/rails/rack/log_tailer.rb:17:in `call'
/usr/local/lib/ruby/gems/1.9.1/gems/rack-1.4.5/lib/rack/handler/webrick.rb:59:in `service'
/usr/local/lib/ruby/1.9.1/webrick/httpserver.rb:138:in `service'
/usr/local/lib/ruby/1.9.1/webrick/httpserver.rb:94:in `run'
/usr/local/lib/ruby/1.9.1/webrick/server.rb:191:in `block in start_thread'
  Rendered restaurantes/index.html.erb within layouts/application (5.4ms)
Completed 500 Internal Server Error in 90ms

ActionView::Template::Error (/home/rr3639/Desktop/vota_prato/app/views/restaurantes/index.html.erb:18: syntax error, unexpected tIDENTIFIER, expecting ')'
...k_to "mostra", action:"show" id: restaurante );@output_buffe...
...                               ^):
    15: 		<td><%= restaurante.nome %></td>
    16: 		<td><%= restaurante.endereco %></td>
    17: 		<td><%= restaurante.especialidade%></td>
    18: 		<td><%= link_to "mostra", action:"show" id: restaurante %></td>
    19: 	</tr>
    20: 	<%end%>
    21: 
  actionpack (3.2.11) lib/action_view/template.rb:297:in `module_eval'
  actionpack (3.2.11) lib/action_view/template.rb:297:in `compile'
  actionpack (3.2.11) lib/action_view/template.rb:244:in `block in compile!'
  <internal:prelude>:10:in `synchronize'
  actionpack (3.2.11) lib/action_view/template.rb:232:in `compile!'
  actionpack (3.2.11) lib/action_view/template.rb:144:in `block in render'
  activesupport (3.2.11) lib/active_support/notifications.rb:125:in `instrument'
  actionpack (3.2.11) lib/action_view/template.rb:143:in `render'
  actionpack (3.2.11) lib/action_view/renderer/template_renderer.rb:47:in `block (2 levels) in render_template'
  actionpack (3.2.11) lib/action_view/renderer/abstract_renderer.rb:38:in `block in instrument'
  activesupport (3.2.11) lib/active_support/notifications.rb:123:in `block in instrument'
  activesupport (3.2.11) lib/active_support/notifications/instrumenter.rb:20:in `instrument'
  activesupport (3.2.11) lib/active_support/notifications.rb:123:in `instrument'
  actionpack (3.2.11) lib/action_view/renderer/abstract_renderer.rb:38:in `instrument'
  actionpack (3.2.11) lib/action_view/renderer/template_renderer.rb:46:in `block in render_template'
  actionpack (3.2.11) lib/action_view/renderer/template_renderer.rb:54:in `render_with_layout'
  actionpack (3.2.11) lib/action_view/renderer/template_renderer.rb:45:in `render_template'
  actionpack (3.2.11) lib/action_view/renderer/template_renderer.rb:18:in `render'
  actionpack (3.2.11) lib/action_view/renderer/renderer.rb:36:in `render_template'
  actionpack (3.2.11) lib/action_view/renderer/renderer.rb:17:in `render'
  actionpack (3.2.11) lib/abstract_controller/rendering.rb:110:in `_render_template'
  actionpack (3.2.11) lib/action_controller/metal/streaming.rb:225:in `_render_template'
  actionpack (3.2.11) lib/abstract_controller/rendering.rb:103:in `render_to_body'
  actionpack (3.2.11) lib/action_controller/metal/renderers.rb:28:in `render_to_body'
  actionpack (3.2.11) lib/action_controller/metal/compatibility.rb:50:in `render_to_body'
  actionpack (3.2.11) lib/abstract_controller/rendering.rb:88:in `render'
  actionpack (3.2.11) lib/action_controller/metal/rendering.rb:16:in `render'
  actionpack (3.2.11) lib/action_controller/metal/instrumentation.rb:40:in `block (2 levels) in render'
  activesupport (3.2.11) lib/active_support/core_ext/benchmark.rb:5:in `block in ms'
  /usr/local/lib/ruby/1.9.1/benchmark.rb:295:in `realtime'
  activesupport (3.2.11) lib/active_support/core_ext/benchmark.rb:5:in `ms'
  actionpack (3.2.11) lib/action_controller/metal/instrumentation.rb:40:in `block in render'
  actionpack (3.2.11) lib/action_controller/metal/instrumentation.rb:83:in `cleanup_view_runtime'
  activerecord (3.2.11) lib/active_record/railties/controller_runtime.rb:24:in `cleanup_view_runtime'
  actionpack (3.2.11) lib/action_controller/metal/instrumentation.rb:39:in `render'
  actionpack (3.2.11) lib/action_controller/metal/implicit_render.rb:10:in `default_render'
  actionpack (3.2.11) lib/action_controller/metal/implicit_render.rb:5:in `send_action'
  actionpack (3.2.11) lib/abstract_controller/base.rb:167:in `process_action'
  actionpack (3.2.11) lib/action_controller/metal/rendering.rb:10:in `process_action'
  actionpack (3.2.11) lib/abstract_controller/callbacks.rb:18:in `block in process_action'
  activesupport (3.2.11) lib/active_support/callbacks.rb:414:in `_run__194066846__process_action__321477249__callbacks'
  activesupport (3.2.11) lib/active_support/callbacks.rb:405:in `__run_callback'
  activesupport (3.2.11) lib/active_support/callbacks.rb:385:in `_run_process_action_callbacks'
  activesupport (3.2.11) lib/active_support/callbacks.rb:81:in `run_callbacks'
  actionpack (3.2.11) lib/abstract_controller/callbacks.rb:17:in `process_action'
  actionpack (3.2.11) lib/action_controller/metal/rescue.rb:29:in `process_action'
  actionpack (3.2.11) lib/action_controller/metal/instrumentation.rb:30:in `block in process_action'
  activesupport (3.2.11) lib/active_support/notifications.rb:123:in `block in instrument'
  activesupport (3.2.11) lib/active_support/notifications/instrumenter.rb:20:in `instrument'
  activesupport (3.2.11) lib/active_support/notifications.rb:123:in `instrument'
  actionpack (3.2.11) lib/action_controller/metal/instrumentation.rb:29:in `process_action'
  actionpack (3.2.11) lib/action_controller/metal/params_wrapper.rb:207:in `process_action'
  activerecord (3.2.11) lib/active_record/railties/controller_runtime.rb:18:in `process_action'
  actionpack (3.2.11) lib/abstract_controller/base.rb:121:in `process'
  actionpack (3.2.11) lib/abstract_controller/rendering.rb:45:in `process'
  actionpack (3.2.11) lib/action_controller/metal.rb:203:in `dispatch'
  actionpack (3.2.11) lib/action_controller/metal/rack_delegation.rb:14:in `dispatch'
  actionpack (3.2.11) lib/action_controller/metal.rb:246:in `block in action'
  actionpack (3.2.11) lib/action_dispatch/routing/route_set.rb:73:in `call'
  actionpack (3.2.11) lib/action_dispatch/routing/route_set.rb:73:in `dispatch'
  actionpack (3.2.11) lib/action_dispatch/routing/route_set.rb:36:in `call'
  journey (1.0.4) lib/journey/router.rb:68:in `block in call'
  journey (1.0.4) lib/journey/router.rb:56:in `each'
  journey (1.0.4) lib/journey/router.rb:56:in `call'
  actionpack (3.2.11) lib/action_dispatch/routing/route_set.rb:601:in `call'
  actionpack (3.2.11) lib/action_dispatch/middleware/best_standards_support.rb:17:in `call'
  rack (1.4.5) lib/rack/etag.rb:23:in `call'
  rack (1.4.5) lib/rack/conditionalget.rb:25:in `call'
  actionpack (3.2.11) lib/action_dispatch/middleware/head.rb:14:in `call'
  actionpack (3.2.11) lib/action_dispatch/middleware/params_parser.rb:21:in `call'
  actionpack (3.2.11) lib/action_dispatch/middleware/flash.rb:242:in `call'
  rack (1.4.5) lib/rack/session/abstract/id.rb:210:in `context'
  rack (1.4.5) lib/rack/session/abstract/id.rb:205:in `call'
  actionpack (3.2.11) lib/action_dispatch/middleware/cookies.rb:341:in `call'
  activerecord (3.2.11) lib/active_record/query_cache.rb:64:in `call'
  activerecord (3.2.11) lib/active_record/connection_adapters/abstract/connection_pool.rb:479:in `call'
  actionpack (3.2.11) lib/action_dispatch/middleware/callbacks.rb:28:in `block in call'
  activesupport (3.2.11) lib/active_support/callbacks.rb:405:in `_run__75010180__call__904930496__callbacks'
  activesupport (3.2.11) lib/active_support/callbacks.rb:405:in `__run_callback'
  activesupport (3.2.11) lib/active_support/callbacks.rb:385:in `_run_call_callbacks'
  activesupport (3.2.11) lib/active_support/callbacks.rb:81:in `run_callbacks'
  actionpack (3.2.11) lib/action_dispatch/middleware/callbacks.rb:27:in `call'
  actionpack (3.2.11) lib/action_dispatch/middleware/reloader.rb:65:in `call'
  actionpack (3.2.11) lib/action_dispatch/middleware/remote_ip.rb:31:in `call'
  actionpack (3.2.11) lib/action_dispatch/middleware/debug_exceptions.rb:16:in `call'
  actionpack (3.2.11) lib/action_dispatch/middleware/show_exceptions.rb:56:in `call'
  railties (3.2.11) lib/rails/rack/logger.rb:32:in `call_app'
  railties (3.2.11) lib/rails/rack/logger.rb:16:in `block in call'
  activesupport (3.2.11) lib/active_support/tagged_logging.rb:22:in `tagged'
  railties (3.2.11) lib/rails/rack/logger.rb:16:in `call'
  actionpack (3.2.11) lib/action_dispatch/middleware/request_id.rb:22:in `call'
  rack (1.4.5) lib/rack/methodoverride.rb:21:in `call'
  rack (1.4.5) lib/rack/runtime.rb:17:in `call'
  activesupport (3.2.11) lib/active_support/cache/strategy/local_cache.rb:72:in `call'
  rack (1.4.5) lib/rack/lock.rb:15:in `call'
  actionpack (3.2.11) lib/action_dispatch/middleware/static.rb:62:in `call'
  railties (3.2.11) lib/rails/engine.rb:479:in `call'
  railties (3.2.11) lib/rails/application.rb:223:in `call'
  rack (1.4.5) lib/rack/content_length.rb:14:in `call'
  railties (3.2.11) lib/rails/rack/log_tailer.rb:17:in `call'
  rack (1.4.5) lib/rack/handler/webrick.rb:59:in `service'
  /usr/local/lib/ruby/1.9.1/webrick/httpserver.rb:138:in `service'
  /usr/local/lib/ruby/1.9.1/webrick/httpserver.rb:94:in `run'
  /usr/local/lib/ruby/1.9.1/webrick/server.rb:191:in `block in start_thread'


  Rendered /usr/local/lib/ruby/gems/1.9.1/gems/actionpack-3.2.11/lib/action_dispatch/middleware/templates/rescues/_trace.erb (1.6ms)
  Rendered /usr/local/lib/ruby/gems/1.9.1/gems/actionpack-3.2.11/lib/action_dispatch/middleware/templates/rescues/_request_and_response.erb (1.3ms)
  Rendered /usr/local/lib/ruby/gems/1.9.1/gems/actionpack-3.2.11/lib/action_dispatch/middleware/templates/rescues/template_error.erb within rescues/layout (40.6ms)


Started GET "/restaurantes" for 127.0.0.1 at 2013-07-15 22:26:06 -0300
Connecting to database specified by database.yml
Processing by RestaurantesController#index as HTML
  [1m[36mRestaurante Load (0.4ms)[0m  [1mSELECT `restaurantes`.* FROM `restaurantes` ORDER BY nome[0m
  Rendered restaurantes/index.html.erb within layouts/application (18.3ms)
Completed 200 OK in 149ms (Views: 101.0ms | ActiveRecord: 1.9ms)


Started GET "/assets/application.css?body=1" for 127.0.0.1 at 2013-07-15 22:26:07 -0300
Served asset /application.css - 304 Not Modified (6ms)


Started GET "/assets/restaurantes.css?body=1" for 127.0.0.1 at 2013-07-15 22:26:07 -0300
Served asset /restaurantes.css - 304 Not Modified (2ms)


Started GET "/assets/jquery.js?body=1" for 127.0.0.1 at 2013-07-15 22:26:07 -0300
Served asset /jquery.js - 304 Not Modified (6ms)


Started GET "/assets/jquery_ujs.js?body=1" for 127.0.0.1 at 2013-07-15 22:26:07 -0300
Served asset /jquery_ujs.js - 304 Not Modified (2ms)


Started GET "/assets/restaurantes.js?body=1" for 127.0.0.1 at 2013-07-15 22:26:07 -0300
Served asset /restaurantes.js - 304 Not Modified (1ms)


Started GET "/assets/application.js?body=1" for 127.0.0.1 at 2013-07-15 22:26:07 -0300
Served asset /application.js - 304 Not Modified (8ms)


Started GET "/restaurantes/3" for 127.0.0.1 at 2013-07-15 22:26:09 -0300
Processing by RestaurantesController#show as HTML
  Parameters: {"id"=>"3"}
  [1m[35mRestaurante Load (0.7ms)[0m  SELECT `restaurantes`.* FROM `restaurantes` WHERE `restaurantes`.`id` = 3 LIMIT 1
  Rendered restaurantes/show.html.erb within layouts/application (43.8ms)
Completed 500 Internal Server Error in 52ms

ActionView::Template::Error (undefined method `especiliadade' for #<Restaurante:0x9eca460>):
    6: 	<b>Endereço: </b><%= @restaurante.endereco %>
    7: </p>
    8: <p>
    9: 	<b>Especiliadade: </b><%= @restaurante.especiliadade %>
    10: </p>
  app/views/restaurantes/show.html.erb:9:in `_app_views_restaurantes_show_html_erb__425983344_82953590'


  Rendered /usr/local/lib/ruby/gems/1.9.1/gems/actionpack-3.2.11/lib/action_dispatch/middleware/templates/rescues/_trace.erb (2.9ms)
  Rendered /usr/local/lib/ruby/gems/1.9.1/gems/actionpack-3.2.11/lib/action_dispatch/middleware/templates/rescues/_request_and_response.erb (1.8ms)
  Rendered /usr/local/lib/ruby/gems/1.9.1/gems/actionpack-3.2.11/lib/action_dispatch/middleware/templates/rescues/template_error.erb within rescues/layout (17.7ms)


Started GET "/restaurantes/3" for 127.0.0.1 at 2013-07-15 22:26:27 -0300
Processing by RestaurantesController#show as HTML
  Parameters: {"id"=>"3"}
  [1m[36mRestaurante Load (2.2ms)[0m  [1mSELECT `restaurantes`.* FROM `restaurantes` WHERE `restaurantes`.`id` = 3 LIMIT 1[0m
  Rendered restaurantes/show.html.erb within layouts/application (0.6ms)
Completed 200 OK in 13ms (Views: 8.6ms | ActiveRecord: 2.2ms)


Started GET "/assets/application.css?body=1" for 127.0.0.1 at 2013-07-15 22:26:27 -0300
Served asset /application.css - 304 Not Modified (0ms)


Started GET "/assets/restaurantes.css?body=1" for 127.0.0.1 at 2013-07-15 22:26:27 -0300
Served asset /restaurantes.css - 304 Not Modified (0ms)


Started GET "/assets/jquery.js?body=1" for 127.0.0.1 at 2013-07-15 22:26:27 -0300
Served asset /jquery.js - 304 Not Modified (4ms)


Started GET "/assets/jquery_ujs.js?body=1" for 127.0.0.1 at 2013-07-15 22:26:27 -0300
Served asset /jquery_ujs.js - 304 Not Modified (0ms)


Started GET "/assets/application.js?body=1" for 127.0.0.1 at 2013-07-15 22:26:27 -0300
Served asset /application.js - 304 Not Modified (1ms)


Started GET "/assets/restaurantes.js?body=1" for 127.0.0.1 at 2013-07-15 22:26:27 -0300
Served asset /restaurantes.js - 304 Not Modified (0ms)


Started GET "/restaurantes/4" for 127.0.0.1 at 2013-07-15 22:26:30 -0300
Processing by RestaurantesController#show as HTML
  Parameters: {"id"=>"4"}
  [1m[35mRestaurante Load (0.8ms)[0m  SELECT `restaurantes`.* FROM `restaurantes` WHERE `restaurantes`.`id` = 4 LIMIT 1
  Rendered restaurantes/show.html.erb within layouts/application (0.1ms)
Completed 200 OK in 14ms (Views: 11.1ms | ActiveRecord: 0.8ms)


Started GET "/assets/application.css?body=1" for 127.0.0.1 at 2013-07-15 22:26:30 -0300
Served asset /application.css - 304 Not Modified (0ms)


Started GET "/assets/restaurantes.css?body=1" for 127.0.0.1 at 2013-07-15 22:26:30 -0300
Served asset /restaurantes.css - 304 Not Modified (10ms)


Started GET "/assets/jquery.js?body=1" for 127.0.0.1 at 2013-07-15 22:26:30 -0300
Served asset /jquery.js - 304 Not Modified (1ms)


Started GET "/assets/jquery_ujs.js?body=1" for 127.0.0.1 at 2013-07-15 22:26:30 -0300
Served asset /jquery_ujs.js - 304 Not Modified (0ms)


Started GET "/assets/restaurantes.js?body=1" for 127.0.0.1 at 2013-07-15 22:26:30 -0300
Served asset /restaurantes.js - 304 Not Modified (0ms)


Started GET "/assets/application.js?body=1" for 127.0.0.1 at 2013-07-15 22:26:30 -0300
Served asset /application.js - 304 Not Modified (2ms)


Started GET "/restaurantes" for 127.0.0.1 at 2013-07-15 22:26:34 -0300
Processing by RestaurantesController#index as HTML
  [1m[36mRestaurante Load (0.2ms)[0m  [1mSELECT `restaurantes`.* FROM `restaurantes` ORDER BY nome[0m
  Rendered restaurantes/index.html.erb within layouts/application (3.7ms)
Completed 200 OK in 13ms (Views: 12.2ms | ActiveRecord: 0.2ms)


Started GET "/assets/application.css?body=1" for 127.0.0.1 at 2013-07-15 22:26:34 -0300
Served asset /application.css - 304 Not Modified (5ms)


Started GET "/assets/jquery.js?body=1" for 127.0.0.1 at 2013-07-15 22:26:34 -0300
Served asset /jquery.js - 304 Not Modified (1ms)


Started GET "/assets/jquery_ujs.js?body=1" for 127.0.0.1 at 2013-07-15 22:26:34 -0300
Served asset /jquery_ujs.js - 304 Not Modified (0ms)


Started GET "/assets/restaurantes.css?body=1" for 127.0.0.1 at 2013-07-15 22:26:34 -0300
Served asset /restaurantes.css - 304 Not Modified (1ms)


Started GET "/assets/application.js?body=1" for 127.0.0.1 at 2013-07-15 22:26:34 -0300
Served asset /application.js - 304 Not Modified (2ms)


Started GET "/assets/restaurantes.js?body=1" for 127.0.0.1 at 2013-07-15 22:26:34 -0300
Served asset /restaurantes.js - 304 Not Modified (0ms)


Started GET "/restaurantes/5" for 127.0.0.1 at 2013-07-15 22:26:36 -0300
Processing by RestaurantesController#show as HTML
  Parameters: {"id"=>"5"}
  [1m[35mRestaurante Load (0.6ms)[0m  SELECT `restaurantes`.* FROM `restaurantes` WHERE `restaurantes`.`id` = 5 LIMIT 1
  Rendered restaurantes/show.html.erb within layouts/application (0.1ms)
Completed 200 OK in 14ms (Views: 11.6ms | ActiveRecord: 0.6ms)


Started GET "/assets/application.css?body=1" for 127.0.0.1 at 2013-07-15 22:26:36 -0300
Served asset /application.css - 304 Not Modified (0ms)


Started GET "/assets/restaurantes.css?body=1" for 127.0.0.1 at 2013-07-15 22:26:36 -0300
Served asset /restaurantes.css - 304 Not Modified (0ms)


Started GET "/assets/jquery.js?body=1" for 127.0.0.1 at 2013-07-15 22:26:36 -0300
Served asset /jquery.js - 304 Not Modified (5ms)


Started GET "/assets/jquery_ujs.js?body=1" for 127.0.0.1 at 2013-07-15 22:26:36 -0300
Served asset /jquery_ujs.js - 304 Not Modified (0ms)


Started GET "/assets/restaurantes.js?body=1" for 127.0.0.1 at 2013-07-15 22:26:36 -0300
Served asset /restaurantes.js - 304 Not Modified (0ms)


Started GET "/assets/application.js?body=1" for 127.0.0.1 at 2013-07-15 22:26:36 -0300
Served asset /application.js - 304 Not Modified (8ms)
Connecting to database specified by database.yml


Started GET "/restaurantes/" for 127.0.0.1 at 2013-07-15 22:45:53 -0300
Connecting to database specified by database.yml
Processing by RestaurantesController#index as HTML
  [1m[36mRestaurante Load (0.2ms)[0m  [1mSELECT `restaurantes`.* FROM `restaurantes` ORDER BY nome[0m
  Rendered restaurantes/index.html.erb within layouts/application (60.8ms)
Completed 200 OK in 174ms (Views: 99.5ms | ActiveRecord: 2.3ms)


Started GET "/assets/application.css?body=1" for 127.0.0.1 at 2013-07-15 22:45:53 -0300
Served asset /application.css - 304 Not Modified (5ms)


Started GET "/assets/restaurantes.css?body=1" for 127.0.0.1 at 2013-07-15 22:45:53 -0300
Served asset /restaurantes.css - 304 Not Modified (3ms)


Started GET "/assets/jquery.js?body=1" for 127.0.0.1 at 2013-07-15 22:45:53 -0300
Served asset /jquery.js - 304 Not Modified (7ms)


Started GET "/assets/jquery_ujs.js?body=1" for 127.0.0.1 at 2013-07-15 22:45:53 -0300
Served asset /jquery_ujs.js - 304 Not Modified (3ms)


Started GET "/assets/restaurantes.js?body=1" for 127.0.0.1 at 2013-07-15 22:45:53 -0300
Served asset /restaurantes.js - 304 Not Modified (2ms)


Started GET "/assets/application.js?body=1" for 127.0.0.1 at 2013-07-15 22:45:53 -0300
Served asset /application.js - 304 Not Modified (11ms)


Started GET "/restaurantes/6?method=delete" for 127.0.0.1 at 2013-07-15 22:46:02 -0300
Processing by RestaurantesController#show as HTML
  Parameters: {"method"=>"delete", "id"=>"6"}
  [1m[35mRestaurante Load (1.6ms)[0m  SELECT `restaurantes`.* FROM `restaurantes` WHERE `restaurantes`.`id` = 6 LIMIT 1
  Rendered restaurantes/show.html.erb within layouts/application (1.0ms)
Completed 200 OK in 17ms (Views: 11.6ms | ActiveRecord: 1.6ms)


Started GET "/assets/application.css?body=1" for 127.0.0.1 at 2013-07-15 22:46:02 -0300
Served asset /application.css - 304 Not Modified (0ms)


Started GET "/assets/jquery.js?body=1" for 127.0.0.1 at 2013-07-15 22:46:02 -0300
Served asset /jquery.js - 304 Not Modified (6ms)


Started GET "/assets/jquery_ujs.js?body=1" for 127.0.0.1 at 2013-07-15 22:46:02 -0300
Served asset /jquery_ujs.js - 304 Not Modified (0ms)


Started GET "/assets/restaurantes.js?body=1" for 127.0.0.1 at 2013-07-15 22:46:02 -0300
Served asset /restaurantes.js - 304 Not Modified (0ms)


Started GET "/assets/application.js?body=1" for 127.0.0.1 at 2013-07-15 22:46:02 -0300
Served asset /application.js - 304 Not Modified (2ms)


Started GET "/assets/restaurantes.css?body=1" for 127.0.0.1 at 2013-07-15 22:46:02 -0300
Served asset /restaurantes.css - 304 Not Modified (0ms)


Started GET "/restaurantes/6" for 127.0.0.1 at 2013-07-15 22:46:14 -0300
Processing by RestaurantesController#show as HTML
  Parameters: {"id"=>"6"}
  [1m[36mRestaurante Load (0.2ms)[0m  [1mSELECT `restaurantes`.* FROM `restaurantes` WHERE `restaurantes`.`id` = 6 LIMIT 1[0m
  Rendered restaurantes/show.html.erb within layouts/application (0.2ms)
Completed 200 OK in 43ms (Views: 39.9ms | ActiveRecord: 0.2ms)


Started GET "/assets/application.css?body=1" for 127.0.0.1 at 2013-07-15 22:46:14 -0300
Served asset /application.css - 304 Not Modified (10ms)


Started GET "/assets/jquery.js?body=1" for 127.0.0.1 at 2013-07-15 22:46:14 -0300
Served asset /jquery.js - 304 Not Modified (5ms)


Started GET "/assets/restaurantes.css?body=1" for 127.0.0.1 at 2013-07-15 22:46:14 -0300
Served asset /restaurantes.css - 304 Not Modified (0ms)


Started GET "/assets/jquery_ujs.js?body=1" for 127.0.0.1 at 2013-07-15 22:46:14 -0300
Served asset /jquery_ujs.js - 304 Not Modified (0ms)


Started GET "/assets/restaurantes.js?body=1" for 127.0.0.1 at 2013-07-15 22:46:14 -0300
Served asset /restaurantes.js - 304 Not Modified (0ms)


Started GET "/assets/application.js?body=1" for 127.0.0.1 at 2013-07-15 22:46:14 -0300
Served asset /application.js - 304 Not Modified (2ms)


Started GET "/restaurantes/" for 127.0.0.1 at 2013-07-15 22:48:09 -0300
Connecting to database specified by database.yml
Processing by RestaurantesController#index as HTML
  [1m[36mRestaurante Load (0.1ms)[0m  [1mSELECT `restaurantes`.* FROM `restaurantes` ORDER BY nome[0m
  Rendered restaurantes/index.html.erb within layouts/application (49.9ms)
Completed 200 OK in 161ms (Views: 107.4ms | ActiveRecord: 1.8ms)


Started GET "/assets/application.css?body=1" for 127.0.0.1 at 2013-07-15 22:48:09 -0300
Served asset /application.css - 304 Not Modified (3ms)


Started GET "/assets/restaurantes.css?body=1" for 127.0.0.1 at 2013-07-15 22:48:09 -0300
Served asset /restaurantes.css - 304 Not Modified (2ms)


Started GET "/assets/jquery_ujs.js?body=1" for 127.0.0.1 at 2013-07-15 22:48:09 -0300
Served asset /jquery_ujs.js - 304 Not Modified (3ms)


Started GET "/assets/restaurantes.js?body=1" for 127.0.0.1 at 2013-07-15 22:48:09 -0300
Served asset /restaurantes.js - 304 Not Modified (1ms)


Started GET "/assets/jquery.js?body=1" for 127.0.0.1 at 2013-07-15 22:48:09 -0300
Served asset /jquery.js - 304 Not Modified (3ms)


Started GET "/assets/application.js?body=1" for 127.0.0.1 at 2013-07-15 22:48:09 -0300
Served asset /application.js - 304 Not Modified (7ms)


Started DELETE "/restaurantes/6" for 127.0.0.1 at 2013-07-15 22:48:12 -0300
Processing by RestaurantesController#destroy as HTML
  Parameters: {"authenticity_token"=>"5Exz3OwPok1Kc1eB7V+87/+Gao0wyOrEY2s8OzHkxv0=", "id"=>"6"}
  [1m[35mRestaurante Load (0.2ms)[0m  SELECT `restaurantes`.* FROM `restaurantes` WHERE `restaurantes`.`id` = 6 LIMIT 1
  [1m[36m (0.1ms)[0m  [1mBEGIN[0m
  [1m[35m (0.2ms)[0m  ROLLBACK
Completed 500 Internal Server Error in 81ms

SyntaxError (/home/rr3639/Desktop/vota_prato/app/models/prato.rb:13: invalid multibyte char (US-ASCII)
/home/rr3639/Desktop/vota_prato/app/models/prato.rb:13: invalid multibyte char (US-ASCII)
/home/rr3639/Desktop/vota_prato/app/models/prato.rb:13: syntax error, unexpected $end, expecting keyword_end
  validates_uniqueness_of :nome, message: " - nome j´a cadastrado"
                                                      ^):
  app/controllers/restaurantes_controller.rb:16:in `destroy'


  Rendered /usr/local/lib/ruby/gems/1.9.1/gems/actionpack-3.2.11/lib/action_dispatch/middleware/templates/rescues/diagnostics.erb within rescues/layout (8.5ms)


Started GET "/restaurantes/" for 127.0.0.1 at 2013-07-15 22:48:19 -0300
Processing by RestaurantesController#index as HTML
  [1m[36mRestaurante Load (0.4ms)[0m  [1mSELECT `restaurantes`.* FROM `restaurantes` ORDER BY nome[0m
  Rendered restaurantes/index.html.erb within layouts/application (7.4ms)
Completed 200 OK in 29ms (Views: 27.6ms | ActiveRecord: 0.4ms)


Started GET "/assets/application.css?body=1" for 127.0.0.1 at 2013-07-15 22:48:19 -0300
Served asset /application.css - 304 Not Modified (0ms)


Started GET "/assets/restaurantes.css?body=1" for 127.0.0.1 at 2013-07-15 22:48:20 -0300
Served asset /restaurantes.css - 304 Not Modified (3ms)


Started GET "/assets/jquery_ujs.js?body=1" for 127.0.0.1 at 2013-07-15 22:48:20 -0300
Served asset /jquery_ujs.js - 304 Not Modified (0ms)


Started GET "/assets/restaurantes.js?body=1" for 127.0.0.1 at 2013-07-15 22:48:20 -0300
Served asset /restaurantes.js - 304 Not Modified (0ms)


Started GET "/assets/jquery.js?body=1" for 127.0.0.1 at 2013-07-15 22:48:20 -0300
Served asset /jquery.js - 304 Not Modified (1ms)


Started GET "/assets/application.js?body=1" for 127.0.0.1 at 2013-07-15 22:48:20 -0300
Served asset /application.js - 304 Not Modified (2ms)


Started GET "/restaurantes/6" for 127.0.0.1 at 2013-07-15 22:48:23 -0300
Processing by RestaurantesController#show as HTML
  Parameters: {"id"=>"6"}
  [1m[35mRestaurante Load (0.3ms)[0m  SELECT `restaurantes`.* FROM `restaurantes` WHERE `restaurantes`.`id` = 6 LIMIT 1
  Rendered restaurantes/show.html.erb within layouts/application (1.0ms)
Completed 200 OK in 15ms (Views: 11.7ms | ActiveRecord: 0.3ms)


Started GET "/assets/application.css?body=1" for 127.0.0.1 at 2013-07-15 22:48:23 -0300
Served asset /application.css - 304 Not Modified (3ms)


Started GET "/assets/restaurantes.css?body=1" for 127.0.0.1 at 2013-07-15 22:48:23 -0300
Served asset /restaurantes.css - 304 Not Modified (0ms)


Started GET "/assets/jquery.js?body=1" for 127.0.0.1 at 2013-07-15 22:48:23 -0300
Served asset /jquery.js - 304 Not Modified (2ms)


Started GET "/assets/jquery_ujs.js?body=1" for 127.0.0.1 at 2013-07-15 22:48:23 -0300
Served asset /jquery_ujs.js - 304 Not Modified (0ms)


Started GET "/assets/application.js?body=1" for 127.0.0.1 at 2013-07-15 22:48:23 -0300
Served asset /application.js - 304 Not Modified (2ms)


Started GET "/assets/restaurantes.js?body=1" for 127.0.0.1 at 2013-07-15 22:48:23 -0300
Served asset /restaurantes.js - 304 Not Modified (0ms)


Started DELETE "/restaurantes/5" for 127.0.0.1 at 2013-07-15 22:48:27 -0300
Processing by RestaurantesController#destroy as HTML
  Parameters: {"authenticity_token"=>"5Exz3OwPok1Kc1eB7V+87/+Gao0wyOrEY2s8OzHkxv0=", "id"=>"5"}
  [1m[36mRestaurante Load (0.3ms)[0m  [1mSELECT `restaurantes`.* FROM `restaurantes` WHERE `restaurantes`.`id` = 5 LIMIT 1[0m
  [1m[35m (0.1ms)[0m  BEGIN
  [1m[36m (0.2ms)[0m  [1mROLLBACK[0m
Completed 500 Internal Server Error in 7ms

SyntaxError (/home/rr3639/Desktop/vota_prato/app/models/prato.rb:13: invalid multibyte char (US-ASCII)
/home/rr3639/Desktop/vota_prato/app/models/prato.rb:13: invalid multibyte char (US-ASCII)
/home/rr3639/Desktop/vota_prato/app/models/prato.rb:13: syntax error, unexpected $end, expecting keyword_end
  validates_uniqueness_of :nome, message: " - nome j´a cadastrado"
                                                      ^):
  app/controllers/restaurantes_controller.rb:16:in `destroy'


  Rendered /usr/local/lib/ruby/gems/1.9.1/gems/actionpack-3.2.11/lib/action_dispatch/middleware/templates/rescues/diagnostics.erb within rescues/layout (6.6ms)


Started DELETE "/restaurantes/3" for 127.0.0.1 at 2013-07-15 22:48:35 -0300
Processing by RestaurantesController#destroy as HTML
  Parameters: {"authenticity_token"=>"5Exz3OwPok1Kc1eB7V+87/+Gao0wyOrEY2s8OzHkxv0=", "id"=>"3"}
  [1m[35mRestaurante Load (0.2ms)[0m  SELECT `restaurantes`.* FROM `restaurantes` WHERE `restaurantes`.`id` = 3 LIMIT 1
  [1m[36m (0.1ms)[0m  [1mBEGIN[0m
  [1m[35m (0.3ms)[0m  ROLLBACK
Completed 500 Internal Server Error in 7ms

SyntaxError (/home/rr3639/Desktop/vota_prato/app/models/prato.rb:13: invalid multibyte char (US-ASCII)
/home/rr3639/Desktop/vota_prato/app/models/prato.rb:13: invalid multibyte char (US-ASCII)
/home/rr3639/Desktop/vota_prato/app/models/prato.rb:13: syntax error, unexpected $end, expecting keyword_end
  validates_uniqueness_of :nome, message: " - nome j´a cadastrado"
                                                      ^):
  app/controllers/restaurantes_controller.rb:16:in `destroy'


  Rendered /usr/local/lib/ruby/gems/1.9.1/gems/actionpack-3.2.11/lib/action_dispatch/middleware/templates/rescues/diagnostics.erb within rescues/layout (6.6ms)


Started DELETE "/restaurantes/5" for 127.0.0.1 at 2013-07-15 22:49:11 -0300
Processing by RestaurantesController#destroy as HTML
  Parameters: {"authenticity_token"=>"5Exz3OwPok1Kc1eB7V+87/+Gao0wyOrEY2s8OzHkxv0=", "id"=>"5"}
  [1m[36mRestaurante Load (0.2ms)[0m  [1mSELECT `restaurantes`.* FROM `restaurantes` WHERE `restaurantes`.`id` = 5 LIMIT 1[0m
  [1m[35m (0.1ms)[0m  BEGIN
  [1m[36m (0.2ms)[0m  [1mROLLBACK[0m
Completed 500 Internal Server Error in 9ms

SyntaxError (/home/rr3639/Desktop/vota_prato/app/models/prato.rb:13: invalid multibyte char (US-ASCII)
/home/rr3639/Desktop/vota_prato/app/models/prato.rb:13: invalid multibyte char (US-ASCII)
/home/rr3639/Desktop/vota_prato/app/models/prato.rb:13: syntax error, unexpected $end, expecting keyword_end
  validates_uniqueness_of :nome, message: " - nome j´a cadastrado"
                                                      ^):
  app/controllers/restaurantes_controller.rb:16:in `destroy'


  Rendered /usr/local/lib/ruby/gems/1.9.1/gems/actionpack-3.2.11/lib/action_dispatch/middleware/templates/rescues/diagnostics.erb within rescues/layout (6.4ms)


Started GET "/restaurantes/" for 127.0.0.1 at 2013-07-15 22:49:25 -0300
Connecting to database specified by database.yml
Processing by RestaurantesController#index as HTML
  [1m[36mRestaurante Load (0.1ms)[0m  [1mSELECT `restaurantes`.* FROM `restaurantes` ORDER BY nome[0m
  Rendered restaurantes/index.html.erb within layouts/application (18.4ms)
Completed 200 OK in 152ms (Views: 102.9ms | ActiveRecord: 1.3ms)


Started GET "/assets/application.css?body=1" for 127.0.0.1 at 2013-07-15 22:49:25 -0300
Served asset /application.css - 304 Not Modified (3ms)


Started GET "/assets/restaurantes.css?body=1" for 127.0.0.1 at 2013-07-15 22:49:26 -0300
Served asset /restaurantes.css - 304 Not Modified (2ms)


Started GET "/assets/jquery.js?body=1" for 127.0.0.1 at 2013-07-15 22:49:26 -0300
Served asset /jquery.js - 304 Not Modified (5ms)


Started GET "/assets/jquery_ujs.js?body=1" for 127.0.0.1 at 2013-07-15 22:49:26 -0300
Served asset /jquery_ujs.js - 304 Not Modified (2ms)


Started GET "/assets/application.js?body=1" for 127.0.0.1 at 2013-07-15 22:49:26 -0300
Served asset /application.js - 304 Not Modified (9ms)


Started GET "/assets/restaurantes.js?body=1" for 127.0.0.1 at 2013-07-15 22:49:26 -0300
Served asset /restaurantes.js - 304 Not Modified (1ms)


Started DELETE "/restaurantes/6" for 127.0.0.1 at 2013-07-15 22:49:28 -0300
Processing by RestaurantesController#destroy as HTML
  Parameters: {"authenticity_token"=>"5Exz3OwPok1Kc1eB7V+87/+Gao0wyOrEY2s8OzHkxv0=", "id"=>"6"}
  [1m[35mRestaurante Load (0.2ms)[0m  SELECT `restaurantes`.* FROM `restaurantes` WHERE `restaurantes`.`id` = 6 LIMIT 1
  [1m[36m (0.1ms)[0m  [1mBEGIN[0m
  [1m[35m (0.2ms)[0m  ROLLBACK
Completed 500 Internal Server Error in 71ms

SyntaxError (/home/rr3639/Desktop/vota_prato/app/models/prato.rb:13: invalid multibyte char (US-ASCII)
/home/rr3639/Desktop/vota_prato/app/models/prato.rb:13: invalid multibyte char (US-ASCII)
/home/rr3639/Desktop/vota_prato/app/models/prato.rb:13: syntax error, unexpected $end, expecting keyword_end
  validates_uniqueness_of :nome, message: " - nome j´a cadastrado"
                                                      ^):
  app/controllers/restaurantes_controller.rb:16:in `destroy'


  Rendered /usr/local/lib/ruby/gems/1.9.1/gems/actionpack-3.2.11/lib/action_dispatch/middleware/templates/rescues/diagnostics.erb within rescues/layout (21.2ms)


Started GET "/restaurantes" for 127.0.0.1 at 2013-07-15 22:52:26 -0300
Connecting to database specified by database.yml
Processing by RestaurantesController#index as HTML
  [1m[36mRestaurante Load (0.1ms)[0m  [1mSELECT `restaurantes`.* FROM `restaurantes` ORDER BY nome[0m
  Rendered restaurantes/index.html.erb within layouts/application (51.7ms)
Completed 200 OK in 179ms (Views: 114.8ms | ActiveRecord: 1.8ms)


Started GET "/assets/application.css?body=1" for 127.0.0.1 at 2013-07-15 22:52:27 -0300
Served asset /application.css - 304 Not Modified (10ms)


Started GET "/assets/jquery_ujs.js?body=1" for 127.0.0.1 at 2013-07-15 22:52:27 -0300
Served asset /jquery_ujs.js - 304 Not Modified (2ms)


Started GET "/assets/restaurantes.js?body=1" for 127.0.0.1 at 2013-07-15 22:52:27 -0300
Served asset /restaurantes.js - 304 Not Modified (1ms)


Started GET "/assets/restaurantes.css?body=1" for 127.0.0.1 at 2013-07-15 22:52:27 -0300
Served asset /restaurantes.css - 304 Not Modified (2ms)


Started GET "/assets/jquery.js?body=1" for 127.0.0.1 at 2013-07-15 22:52:27 -0300
Served asset /jquery.js - 304 Not Modified (3ms)


Started GET "/assets/application.js?body=1" for 127.0.0.1 at 2013-07-15 22:52:27 -0300
Served asset /application.js - 304 Not Modified (7ms)


Started DELETE "/restaurantes/6" for 127.0.0.1 at 2013-07-15 22:52:35 -0300
Processing by RestaurantesController#destroy as HTML
  Parameters: {"authenticity_token"=>"5Exz3OwPok1Kc1eB7V+87/+Gao0wyOrEY2s8OzHkxv0=", "id"=>"6"}
  [1m[35mRestaurante Load (0.2ms)[0m  SELECT `restaurantes`.* FROM `restaurantes` WHERE `restaurantes`.`id` = 6 LIMIT 1
  [1m[36m (0.1ms)[0m  [1mBEGIN[0m
  [1m[35m (0.2ms)[0m  ROLLBACK
Completed 500 Internal Server Error in 70ms

SyntaxError (/home/rr3639/Desktop/vota_prato/app/models/prato.rb:13: invalid multibyte char (US-ASCII)
/home/rr3639/Desktop/vota_prato/app/models/prato.rb:13: invalid multibyte char (US-ASCII)
/home/rr3639/Desktop/vota_prato/app/models/prato.rb:13: syntax error, unexpected $end, expecting keyword_end
  validates_uniqueness_of :nome, message: " - nome j´a cadastrado"
                                                      ^):
  app/controllers/restaurantes_controller.rb:16:in `destroy'


  Rendered /usr/local/lib/ruby/gems/1.9.1/gems/actionpack-3.2.11/lib/action_dispatch/middleware/templates/rescues/diagnostics.erb within rescues/layout (8.9ms)


Started GET "/restaurantes" for 127.0.0.1 at 2013-07-15 22:53:33 -0300
Connecting to database specified by database.yml
Processing by RestaurantesController#index as HTML
  [1m[36mRestaurante Load (0.1ms)[0m  [1mSELECT `restaurantes`.* FROM `restaurantes` ORDER BY nome[0m
  Rendered restaurantes/index.html.erb within layouts/application (46.8ms)
Completed 200 OK in 178ms (Views: 108.7ms | ActiveRecord: 1.6ms)


Started GET "/assets/application.css?body=1" for 127.0.0.1 at 2013-07-15 22:53:34 -0300
Served asset /application.css - 304 Not Modified (3ms)


Started GET "/assets/jquery.js?body=1" for 127.0.0.1 at 2013-07-15 22:53:34 -0300
Served asset /jquery.js - 304 Not Modified (4ms)


Started GET "/assets/restaurantes.css?body=1" for 127.0.0.1 at 2013-07-15 22:53:34 -0300
Served asset /restaurantes.css - 304 Not Modified (3ms)


Started GET "/assets/jquery_ujs.js?body=1" for 127.0.0.1 at 2013-07-15 22:53:34 -0300
Served asset /jquery_ujs.js - 304 Not Modified (2ms)


Started GET "/assets/restaurantes.js?body=1" for 127.0.0.1 at 2013-07-15 22:53:34 -0300
Served asset /restaurantes.js - 304 Not Modified (3ms)


Started GET "/assets/application.js?body=1" for 127.0.0.1 at 2013-07-15 22:53:34 -0300
Served asset /application.js - 304 Not Modified (13ms)


Started DELETE "/restaurantes/5" for 127.0.0.1 at 2013-07-15 22:53:35 -0300
Processing by RestaurantesController#destroy as HTML
  Parameters: {"authenticity_token"=>"5Exz3OwPok1Kc1eB7V+87/+Gao0wyOrEY2s8OzHkxv0=", "id"=>"5"}
  [1m[35mRestaurante Load (0.3ms)[0m  SELECT `restaurantes`.* FROM `restaurantes` WHERE `restaurantes`.`id` = 5 LIMIT 1
  [1m[36mSQL (30.0ms)[0m  [1mDELETE FROM `restaurantes` WHERE `restaurantes`.`id` = 5[0m
  [1m[35m (0.1ms)[0m  BEGIN
  [1m[36mRestaurante Exists (0.6ms)[0m  [1mSELECT 1 AS one FROM `restaurantes` WHERE `restaurantes`.`nome` = BINARY 'mais um' LIMIT 1[0m
  [1m[35mRestaurante Exists (0.5ms)[0m  SELECT 1 AS one FROM `restaurantes` WHERE `restaurantes`.`especialidade` = BINARY 'XII' LIMIT 1
  [1m[36m (0.2ms)[0m  [1mROLLBACK[0m
Redirected to http://localhost:3000/restaurantes
Completed 302 Found in 184ms (ActiveRecord: 31.6ms)


Started GET "/restaurantes" for 127.0.0.1 at 2013-07-15 22:53:35 -0300
Processing by RestaurantesController#index as HTML
  [1m[35mRestaurante Load (0.5ms)[0m  SELECT `restaurantes`.* FROM `restaurantes` ORDER BY nome
  Rendered restaurantes/index.html.erb within layouts/application (4.2ms)
Completed 200 OK in 11ms (Views: 10.0ms | ActiveRecord: 0.5ms)


Started GET "/assets/application.css?body=1" for 127.0.0.1 at 2013-07-15 22:53:36 -0300
Served asset /application.css - 304 Not Modified (0ms)


Started GET "/assets/restaurantes.css?body=1" for 127.0.0.1 at 2013-07-15 22:53:36 -0300
Served asset /restaurantes.css - 304 Not Modified (0ms)


Started GET "/assets/jquery.js?body=1" for 127.0.0.1 at 2013-07-15 22:53:36 -0300
Served asset /jquery.js - 304 Not Modified (1ms)


Started GET "/assets/jquery_ujs.js?body=1" for 127.0.0.1 at 2013-07-15 22:53:36 -0300
Served asset /jquery_ujs.js - 304 Not Modified (0ms)


Started GET "/assets/application.js?body=1" for 127.0.0.1 at 2013-07-15 22:53:36 -0300
Served asset /application.js - 304 Not Modified (1ms)


Started GET "/assets/restaurantes.js?body=1" for 127.0.0.1 at 2013-07-15 22:53:36 -0300
Served asset /restaurantes.js - 304 Not Modified (0ms)


Started DELETE "/restaurantes/6" for 127.0.0.1 at 2013-07-15 22:53:42 -0300
Processing by RestaurantesController#destroy as HTML
  Parameters: {"authenticity_token"=>"5Exz3OwPok1Kc1eB7V+87/+Gao0wyOrEY2s8OzHkxv0=", "id"=>"6"}
  [1m[36mRestaurante Load (0.5ms)[0m  [1mSELECT `restaurantes`.* FROM `restaurantes` WHERE `restaurantes`.`id` = 6 LIMIT 1[0m
  [1m[35mSQL (11.3ms)[0m  DELETE FROM `restaurantes` WHERE `restaurantes`.`id` = 6
  [1m[36m (0.1ms)[0m  [1mBEGIN[0m
  [1m[35mRestaurante Exists (0.6ms)[0m  SELECT 1 AS one FROM `restaurantes` WHERE `restaurantes`.`nome` = BINARY 'Restaurante 0' LIMIT 1
  [1m[36mRestaurante Exists (0.5ms)[0m  [1mSELECT 1 AS one FROM `restaurantes` WHERE `restaurantes`.`especialidade` = BINARY 'vegetariano' LIMIT 1[0m
  [1m[35m (0.1ms)[0m  COMMIT
Redirected to http://localhost:3000/restaurantes
Completed 302 Found in 23ms (ActiveRecord: 13.1ms)


Started GET "/restaurantes" for 127.0.0.1 at 2013-07-15 22:53:42 -0300
Processing by RestaurantesController#index as HTML
  [1m[36mRestaurante Load (0.7ms)[0m  [1mSELECT `restaurantes`.* FROM `restaurantes` ORDER BY nome[0m
  Rendered restaurantes/index.html.erb within layouts/application (4.8ms)
Completed 200 OK in 15ms (Views: 13.4ms | ActiveRecord: 0.7ms)


Started GET "/assets/application.css?body=1" for 127.0.0.1 at 2013-07-15 22:53:42 -0300
Served asset /application.css - 304 Not Modified (0ms)


Started GET "/assets/restaurantes.css?body=1" for 127.0.0.1 at 2013-07-15 22:53:42 -0300
Served asset /restaurantes.css - 304 Not Modified (0ms)


Started GET "/assets/jquery.js?body=1" for 127.0.0.1 at 2013-07-15 22:53:42 -0300
Served asset /jquery.js - 304 Not Modified (3ms)


Started GET "/assets/jquery_ujs.js?body=1" for 127.0.0.1 at 2013-07-15 22:53:42 -0300
Served asset /jquery_ujs.js - 304 Not Modified (0ms)


Started GET "/assets/restaurantes.js?body=1" for 127.0.0.1 at 2013-07-15 22:53:42 -0300
Served asset /restaurantes.js - 304 Not Modified (0ms)


Started GET "/assets/application.js?body=1" for 127.0.0.1 at 2013-07-15 22:53:42 -0300
Served asset /application.js - 304 Not Modified (2ms)


Started GET "/restaurantes" for 127.0.0.1 at 2013-07-15 22:54:15 -0300
Processing by RestaurantesController#index as HTML
  [1m[35mRestaurante Load (0.1ms)[0m  SELECT `restaurantes`.* FROM `restaurantes` ORDER BY nome
  Rendered restaurantes/index.html.erb within layouts/application (19.7ms)
Completed 200 OK in 59ms (Views: 28.3ms | ActiveRecord: 1.9ms)


Started GET "/assets/application.css?body=1" for 127.0.0.1 at 2013-07-15 22:54:15 -0300
Served asset /application.css - 304 Not Modified (0ms)


Started GET "/assets/application.js?body=1" for 127.0.0.1 at 2013-07-15 22:54:15 -0300
Served asset /application.js - 304 Not Modified (2ms)


Started GET "/assets/restaurantes.js?body=1" for 127.0.0.1 at 2013-07-15 22:54:15 -0300
Served asset /restaurantes.js - 304 Not Modified (0ms)


Started GET "/assets/jquery.js?body=1" for 127.0.0.1 at 2013-07-15 22:54:15 -0300
Served asset /jquery.js - 304 Not Modified (1ms)


Started GET "/assets/restaurantes.css?body=1" for 127.0.0.1 at 2013-07-15 22:54:15 -0300
Served asset /restaurantes.css - 304 Not Modified (0ms)


Started GET "/assets/jquery_ujs.js?body=1" for 127.0.0.1 at 2013-07-15 22:54:15 -0300
Served asset /jquery_ujs.js - 304 Not Modified (0ms)


Started DELETE "/restaurantes/4" for 127.0.0.1 at 2013-07-15 22:54:17 -0300
Processing by RestaurantesController#destroy as HTML
  Parameters: {"authenticity_token"=>"5Exz3OwPok1Kc1eB7V+87/+Gao0wyOrEY2s8OzHkxv0=", "id"=>"4"}
  [1m[36mRestaurante Load (1.5ms)[0m  [1mSELECT `restaurantes`.* FROM `restaurantes` WHERE `restaurantes`.`id` = 4 LIMIT 1[0m
  [1m[35m (0.1ms)[0m  BEGIN
  [1m[36m (0.1ms)[0m  [1mROLLBACK[0m
Completed 500 Internal Server Error in 60ms

SyntaxError (/home/rr3639/Desktop/vota_prato/app/models/prato.rb:13: invalid multibyte char (US-ASCII)
/home/rr3639/Desktop/vota_prato/app/models/prato.rb:13: invalid multibyte char (US-ASCII)
/home/rr3639/Desktop/vota_prato/app/models/prato.rb:13: syntax error, unexpected $end, expecting keyword_end
  validates_uniqueness_of :nome, message: " - nome j´a cadastrado"
                                                      ^):
  app/controllers/restaurantes_controller.rb:16:in `destroy'


  Rendered /usr/local/lib/ruby/gems/1.9.1/gems/actionpack-3.2.11/lib/action_dispatch/middleware/templates/rescues/diagnostics.erb within rescues/layout (8.6ms)
Connecting to database specified by database.yml
